  [4;36;1mSQL (0.2ms)[0m   [0;1m SELECT name
 FROM sqlite_master
 WHERE type = 'table' AND NOT name = 'sqlite_sequence'
[0m
  [4;35;1mSQL (0.2ms)[0m   [0mselect sqlite_version(*)[0m
  [4;36;1mSQL (2.1ms)[0m   [0;1mCREATE TABLE "schema_migrations" ("version" varchar(255) NOT NULL) [0m
  [4;35;1mSQL (0.1ms)[0m   [0mPRAGMA index_list("schema_migrations")[0m
  [4;36;1mSQL (1.5ms)[0m   [0;1mCREATE UNIQUE INDEX "unique_schema_migrations" ON "schema_migrations" ("version")[0m
  [4;35;1mSQL (0.1ms)[0m   [0m SELECT name
 FROM sqlite_master
 WHERE type = 'table' AND NOT name = 'sqlite_sequence'
[0m
  [4;36;1mSQL (0.1ms)[0m   [0;1mSELECT version FROM schema_migrations[0m
Migrating to CreateProducts (20110906192040)
  [4;36;1mSQL (0.3ms)[0m   [0;1m SELECT name
 FROM sqlite_master
 WHERE type = 'table' AND NOT name = 'sqlite_sequence'
[0m
  [4;35;1mSQL (0.2ms)[0m   [0mSELECT version FROM schema_migrations[0m
Migrating to CreateProducts (20110906192040)
  [4;36;1mSQL (0.1ms)[0m   [0;1mselect sqlite_version(*)[0m


Processing ProductsController#index (for 127.0.0.1 at 2011-09-06 15:37:48) [GET]
  [4;36;1mProduct Load (0.0ms)[0m   [0;1mSQLite3::SQLException: no such table: products: SELECT * FROM "products" [0m

ActiveRecord::StatementInvalid (SQLite3::SQLException: no such table: products: SELECT * FROM "products" ):
  app/controllers/products_controller.rb:5:in `index'
  /Users/irina/.rvm/rubies/ruby-1.8.7-p352/lib/ruby/1.8/webrick/httpserver.rb:104:in `service'
  /Users/irina/.rvm/rubies/ruby-1.8.7-p352/lib/ruby/1.8/webrick/httpserver.rb:65:in `run'
  /Users/irina/.rvm/rubies/ruby-1.8.7-p352/lib/ruby/1.8/webrick/server.rb:173:in `start_thread'
  /Users/irina/.rvm/rubies/ruby-1.8.7-p352/lib/ruby/1.8/webrick/server.rb:162:in `start'
  /Users/irina/.rvm/rubies/ruby-1.8.7-p352/lib/ruby/1.8/webrick/server.rb:162:in `start_thread'
  /Users/irina/.rvm/rubies/ruby-1.8.7-p352/lib/ruby/1.8/webrick/server.rb:95:in `start'
  /Users/irina/.rvm/rubies/ruby-1.8.7-p352/lib/ruby/1.8/webrick/server.rb:92:in `each'
  /Users/irina/.rvm/rubies/ruby-1.8.7-p352/lib/ruby/1.8/webrick/server.rb:92:in `start'
  /Users/irina/.rvm/rubies/ruby-1.8.7-p352/lib/ruby/1.8/webrick/server.rb:23:in `start'
  /Users/irina/.rvm/rubies/ruby-1.8.7-p352/lib/ruby/1.8/webrick/server.rb:82:in `start'

Rendered rescues/_trace (88.8ms)
Rendered rescues/_request_and_response (1.1ms)
Rendering rescues/layout (internal_server_error)


Processing ApplicationController#index (for 127.0.0.1 at 2011-09-06 15:38:16) [GET]

ActionController::RoutingError (No route matches "/goodbye" with {:method=>:get}):
  /Users/irina/.rvm/rubies/ruby-1.8.7-p352/lib/ruby/1.8/webrick/httpserver.rb:104:in `service'
  /Users/irina/.rvm/rubies/ruby-1.8.7-p352/lib/ruby/1.8/webrick/httpserver.rb:65:in `run'
  /Users/irina/.rvm/rubies/ruby-1.8.7-p352/lib/ruby/1.8/webrick/server.rb:173:in `start_thread'
  /Users/irina/.rvm/rubies/ruby-1.8.7-p352/lib/ruby/1.8/webrick/server.rb:162:in `start'
  /Users/irina/.rvm/rubies/ruby-1.8.7-p352/lib/ruby/1.8/webrick/server.rb:162:in `start_thread'
  /Users/irina/.rvm/rubies/ruby-1.8.7-p352/lib/ruby/1.8/webrick/server.rb:95:in `start'
  /Users/irina/.rvm/rubies/ruby-1.8.7-p352/lib/ruby/1.8/webrick/server.rb:92:in `each'
  /Users/irina/.rvm/rubies/ruby-1.8.7-p352/lib/ruby/1.8/webrick/server.rb:92:in `start'
  /Users/irina/.rvm/rubies/ruby-1.8.7-p352/lib/ruby/1.8/webrick/server.rb:23:in `start'
  /Users/irina/.rvm/rubies/ruby-1.8.7-p352/lib/ruby/1.8/webrick/server.rb:82:in `start'

Rendering rescues/layout (not_found)


Processing ProductsController#new (for 127.0.0.1 at 2011-09-06 18:28:29) [GET]

ActiveRecord::StatementInvalid (Could not find table 'products'):
  app/controllers/products_controller.rb:27:in `new'
  app/controllers/products_controller.rb:27:in `new'
  /Users/irina/.rvm/rubies/ruby-1.8.7-p352/lib/ruby/1.8/webrick/httpserver.rb:104:in `service'
  /Users/irina/.rvm/rubies/ruby-1.8.7-p352/lib/ruby/1.8/webrick/httpserver.rb:65:in `run'
  /Users/irina/.rvm/rubies/ruby-1.8.7-p352/lib/ruby/1.8/webrick/server.rb:173:in `start_thread'
  /Users/irina/.rvm/rubies/ruby-1.8.7-p352/lib/ruby/1.8/webrick/server.rb:162:in `start'
  /Users/irina/.rvm/rubies/ruby-1.8.7-p352/lib/ruby/1.8/webrick/server.rb:162:in `start_thread'
  /Users/irina/.rvm/rubies/ruby-1.8.7-p352/lib/ruby/1.8/webrick/server.rb:95:in `start'
  /Users/irina/.rvm/rubies/ruby-1.8.7-p352/lib/ruby/1.8/webrick/server.rb:92:in `each'
  /Users/irina/.rvm/rubies/ruby-1.8.7-p352/lib/ruby/1.8/webrick/server.rb:92:in `start'
  /Users/irina/.rvm/rubies/ruby-1.8.7-p352/lib/ruby/1.8/webrick/server.rb:23:in `start'
  /Users/irina/.rvm/rubies/ruby-1.8.7-p352/lib/ruby/1.8/webrick/server.rb:82:in `start'

Rendered rescues/_trace (85.3ms)
Rendered rescues/_request_and_response (1.1ms)
Rendering rescues/layout (internal_server_error)
  [4;36;1mSQL (0.3ms)[0m   [0;1m SELECT name
 FROM sqlite_master
 WHERE type = 'table' AND NOT name = 'sqlite_sequence'
[0m
  [4;35;1mSQL (0.2ms)[0m   [0mSELECT version FROM schema_migrations[0m
Migrating to CreateProducts (20110906192040)
  [4;36;1mSQL (0.1ms)[0m   [0;1mselect sqlite_version(*)[0m
  [4;35;1mSQL (0.5ms)[0m   [0mCREATE TABLE "products" ("id" INTEGER PRIMARY KEY AUTOINCREMENT NOT NULL, "title" varchar(255), "description" text, "image_url" varchar(255), "created_at" datetime, "updated_at" datetime) [0m
  [4;36;1mSQL (0.1ms)[0m   [0;1mINSERT INTO schema_migrations (version) VALUES ('20110906192040')[0m
  [4;35;1mSQL (0.2ms)[0m   [0m SELECT name
 FROM sqlite_master
 WHERE type = 'table' AND NOT name = 'sqlite_sequence'
[0m
  [4;36;1mSQL (0.1ms)[0m   [0;1mSELECT version FROM schema_migrations[0m
  [4;35;1mSQL (0.1ms)[0m   [0m SELECT name
 FROM sqlite_master
 WHERE type = 'table' AND NOT name = 'sqlite_sequence'
[0m
  [4;36;1mSQL (0.0ms)[0m   [0;1mPRAGMA index_list("products")[0m


Processing ProductsController#new (for 127.0.0.1 at 2011-09-06 18:33:28) [GET]
Rendering template within layouts/products
Rendering products/new
ERROR: compiling _run_erb_app47views47products47new46html46erb RAISED compile error
/Users/irina/Code/depot/app/views/products/new.html.erb:7: syntax error, unexpected ':', expecting ')'
...tput_buffer.concat(( f.label : title ).to_s); @output_buffer...
                              ^
/Users/irina/Code/depot/app/views/products/new.html.erb:8: syntax error, unexpected ':', expecting ')'
...buffer.concat(( f.text_field : title ).to_s); @output_buffer...
                              ^
Function body:           def _run_erb_app47views47products47new46html46erb(local_assigns)
            old_output_buffer = output_buffer;;@output_buffer = '';  __in_erb_template=true ; @output_buffer.concat "<h1>New product</h1>\n\n"

;  form_for(@product) do |f| ; @output_buffer.concat "\n  "
; @output_buffer.concat(( f.error_messages ).to_s); @output_buffer.concat "\n\n  <p>\n    "


; @output_buffer.concat(( f.label : title ).to_s); @output_buffer.concat "<br />\n    "
; @output_buffer.concat(( f.text_field : title ).to_s); @output_buffer.concat "\n  </p>\n  <p>\n    "


; @output_buffer.concat(( f.label :description ).to_s); @output_buffer.concat "<br />\n    "
; @output_buffer.concat(( f.text_area :description ).to_s); @output_buffer.concat "\n  </p>\n  <p>\n    "


; @output_buffer.concat(( f.label :image_url ).to_s); @output_buffer.concat "<br />\n    "
; @output_buffer.concat(( f.text_field :image_url ).to_s); @output_buffer.concat "\n  </p>\n  <p>\n    "


; @output_buffer.concat(( f.submit 'Create' ).to_s); @output_buffer.concat "\n  </p>\n"

;  end ; @output_buffer.concat "\n\n"

; @output_buffer.concat(( link_to 'Back', products_path ).to_s); @output_buffer
          ensure
            self.output_buffer = old_output_buffer
          end
Backtrace: /Users/irina/Code/depot/app/views/products/new.html.erb:26:in `compile!'
/Users/irina/.rvm/gems/ruby-1.8.7-p352/gems/actionpack-2.3.11/lib/action_view/renderable.rb:61:in `compile'
/Users/irina/.rvm/gems/ruby-1.8.7-p352/gems/actionpack-2.3.11/lib/action_view/renderable.rb:28:in `render'
/Users/irina/.rvm/gems/ruby-1.8.7-p352/gems/actionpack-2.3.11/lib/action_view/template.rb:205:in `render_template'
/Users/irina/.rvm/gems/ruby-1.8.7-p352/gems/actionpack-2.3.11/lib/action_view/base.rb:265:in `render'
/Users/irina/.rvm/gems/ruby-1.8.7-p352/gems/actionpack-2.3.11/lib/action_view/base.rb:348:in `_render_with_layout'
/Users/irina/.rvm/gems/ruby-1.8.7-p352/gems/actionpack-2.3.11/lib/action_view/base.rb:262:in `render'
/Users/irina/.rvm/gems/ruby-1.8.7-p352/gems/actionpack-2.3.11/lib/action_controller/base.rb:1252:in `render_for_file'
/Users/irina/.rvm/gems/ruby-1.8.7-p352/gems/actionpack-2.3.11/lib/action_controller/base.rb:942:in `render_without_benchmark'
/Users/irina/.rvm/gems/ruby-1.8.7-p352/gems/actionpack-2.3.11/lib/action_controller/benchmarking.rb:51:in `render'
/Users/irina/.rvm/gems/ruby-1.8.7-p352/gems/activesupport-2.3.11/lib/active_support/core_ext/benchmark.rb:17:in `ms'
/Users/irina/.rvm/rubies/ruby-1.8.7-p352/lib/ruby/1.8/benchmark.rb:308:in `realtime'
/Users/irina/.rvm/gems/ruby-1.8.7-p352/gems/activesupport-2.3.11/lib/active_support/core_ext/benchmark.rb:17:in `ms'
/Users/irina/.rvm/gems/ruby-1.8.7-p352/gems/actionpack-2.3.11/lib/action_controller/benchmarking.rb:51:in `render'
/Users/irina/.rvm/gems/ruby-1.8.7-p352/gems/actionpack-2.3.11/lib/action_controller/mime_responds.rb:135:in `send'
/Users/irina/.rvm/gems/ruby-1.8.7-p352/gems/actionpack-2.3.11/lib/action_controller/mime_responds.rb:135:in `custom'
/Users/irina/.rvm/gems/ruby-1.8.7-p352/gems/actionpack-2.3.11/lib/action_controller/mime_responds.rb:179:in `call'
/Users/irina/.rvm/gems/ruby-1.8.7-p352/gems/actionpack-2.3.11/lib/action_controller/mime_responds.rb:179:in `respond'
/Users/irina/.rvm/gems/ruby-1.8.7-p352/gems/actionpack-2.3.11/lib/action_controller/mime_responds.rb:173:in `each'
/Users/irina/.rvm/gems/ruby-1.8.7-p352/gems/actionpack-2.3.11/lib/action_controller/mime_responds.rb:173:in `respond'
/Users/irina/.rvm/gems/ruby-1.8.7-p352/gems/actionpack-2.3.11/lib/action_controller/mime_responds.rb:107:in `respond_to'
/Users/irina/Code/depot/app/controllers/products_controller.rb:29:in `new'
/Users/irina/.rvm/gems/ruby-1.8.7-p352/gems/actionpack-2.3.11/lib/action_controller/base.rb:1333:in `send'
/Users/irina/.rvm/gems/ruby-1.8.7-p352/gems/actionpack-2.3.11/lib/action_controller/base.rb:1333:in `perform_action_without_filters'
/Users/irina/.rvm/gems/ruby-1.8.7-p352/gems/actionpack-2.3.11/lib/action_controller/filters.rb:617:in `call_filters'
/Users/irina/.rvm/gems/ruby-1.8.7-p352/gems/actionpack-2.3.11/lib/action_controller/filters.rb:610:in `perform_action_without_benchmark'
/Users/irina/.rvm/gems/ruby-1.8.7-p352/gems/actionpack-2.3.11/lib/action_controller/benchmarking.rb:68:in `perform_action_without_rescue'
/Users/irina/.rvm/gems/ruby-1.8.7-p352/gems/activesupport-2.3.11/lib/active_support/core_ext/benchmark.rb:17:in `ms'
/Users/irina/.rvm/rubies/ruby-1.8.7-p352/lib/ruby/1.8/benchmark.rb:308:in `realtime'
/Users/irina/.rvm/gems/ruby-1.8.7-p352/gems/activesupport-2.3.11/lib/active_support/core_ext/benchmark.rb:17:in `ms'
/Users/irina/.rvm/gems/ruby-1.8.7-p352/gems/actionpack-2.3.11/lib/action_controller/benchmarking.rb:68:in `perform_action_without_rescue'
/Users/irina/.rvm/gems/ruby-1.8.7-p352/gems/actionpack-2.3.11/lib/action_controller/rescue.rb:160:in `perform_action_without_flash'
/Users/irina/.rvm/gems/ruby-1.8.7-p352/gems/actionpack-2.3.11/lib/action_controller/flash.rb:151:in `perform_action'
/Users/irina/.rvm/gems/ruby-1.8.7-p352/gems/actionpack-2.3.11/lib/action_controller/base.rb:532:in `send'
/Users/irina/.rvm/gems/ruby-1.8.7-p352/gems/actionpack-2.3.11/lib/action_controller/base.rb:532:in `process_without_filters'
/Users/irina/.rvm/gems/ruby-1.8.7-p352/gems/actionpack-2.3.11/lib/action_controller/filters.rb:606:in `process'
/Users/irina/.rvm/gems/ruby-1.8.7-p352/gems/actionpack-2.3.11/lib/action_controller/base.rb:391:in `process'
/Users/irina/.rvm/gems/ruby-1.8.7-p352/gems/actionpack-2.3.11/lib/action_controller/base.rb:386:in `call'
/Users/irina/.rvm/gems/ruby-1.8.7-p352/gems/actionpack-2.3.11/lib/action_controller/routing/route_set.rb:438:in `call'
/Users/irina/.rvm/gems/ruby-1.8.7-p352/gems/actionpack-2.3.11/lib/action_controller/dispatcher.rb:87:in `dispatch'
/Users/irina/.rvm/gems/ruby-1.8.7-p352/gems/actionpack-2.3.11/lib/action_controller/dispatcher.rb:121:in `_call'
/Users/irina/.rvm/gems/ruby-1.8.7-p352/gems/actionpack-2.3.11/lib/action_controller/dispatcher.rb:130:in `build_middleware_stack'
/Users/irina/.rvm/gems/ruby-1.8.7-p352/gems/activerecord-2.3.11/lib/active_record/query_cache.rb:29:in `call'
/Users/irina/.rvm/gems/ruby-1.8.7-p352/gems/activerecord-2.3.11/lib/active_record/query_cache.rb:29:in `call'
/Users/irina/.rvm/gems/ruby-1.8.7-p352/gems/activerecord-2.3.11/lib/active_record/connection_adapters/abstract/query_cache.rb:34:in `cache'
/Users/irina/.rvm/gems/ruby-1.8.7-p352/gems/activerecord-2.3.11/lib/active_record/query_cache.rb:9:in `cache'
/Users/irina/.rvm/gems/ruby-1.8.7-p352/gems/activerecord-2.3.11/lib/active_record/query_cache.rb:28:in `call'
/Users/irina/.rvm/gems/ruby-1.8.7-p352/gems/activerecord-2.3.11/lib/active_record/connection_adapters/abstract/connection_pool.rb:361:in `call'
/Users/irina/.rvm/gems/ruby-1.8.7-p352/gems/actionpack-2.3.11/lib/action_controller/string_coercion.rb:25:in `call'
/Users/irina/.rvm/gems/ruby-1.8.7-p352/gems/rack-1.1.2/lib/rack/head.rb:9:in `call'
/Users/irina/.rvm/gems/ruby-1.8.7-p352/gems/rack-1.1.2/lib/rack/methodoverride.rb:24:in `call'
/Users/irina/.rvm/gems/ruby-1.8.7-p352/gems/actionpack-2.3.11/lib/action_controller/params_parser.rb:15:in `call'
/Users/irina/.rvm/gems/ruby-1.8.7-p352/gems/actionpack-2.3.11/lib/action_controller/session/cookie_store.rb:99:in `call'
/Users/irina/.rvm/gems/ruby-1.8.7-p352/gems/actionpack-2.3.11/lib/action_controller/failsafe.rb:26:in `call'
/Users/irina/.rvm/gems/ruby-1.8.7-p352/gems/rack-1.1.2/lib/rack/lock.rb:11:in `call'
/Users/irina/.rvm/gems/ruby-1.8.7-p352/gems/rack-1.1.2/lib/rack/lock.rb:11:in `synchronize'
/Users/irina/.rvm/gems/ruby-1.8.7-p352/gems/rack-1.1.2/lib/rack/lock.rb:11:in `call'
/Users/irina/.rvm/gems/ruby-1.8.7-p352/gems/actionpack-2.3.11/lib/action_controller/dispatcher.rb:114:in `call'
/Users/irina/.rvm/gems/ruby-1.8.7-p352/gems/actionpack-2.3.11/lib/action_controller/reloader.rb:34:in `run'
/Users/irina/.rvm/gems/ruby-1.8.7-p352/gems/actionpack-2.3.11/lib/action_controller/dispatcher.rb:108:in `call'
/Users/irina/.rvm/gems/ruby-1.8.7-p352/gems/rails-2.3.11/lib/rails/rack/static.rb:31:in `call'
/Users/irina/.rvm/gems/ruby-1.8.7-p352/gems/rack-1.1.2/lib/rack/urlmap.rb:47:in `call'
/Users/irina/.rvm/gems/ruby-1.8.7-p352/gems/rack-1.1.2/lib/rack/urlmap.rb:41:in `each'
/Users/irina/.rvm/gems/ruby-1.8.7-p352/gems/rack-1.1.2/lib/rack/urlmap.rb:41:in `call'
/Users/irina/.rvm/gems/ruby-1.8.7-p352/gems/rails-2.3.11/lib/rails/rack/log_tailer.rb:17:in `call'
/Users/irina/.rvm/gems/ruby-1.8.7-p352/gems/rack-1.1.2/lib/rack/content_length.rb:13:in `call'
/Users/irina/.rvm/gems/ruby-1.8.7-p352/gems/rack-1.1.2/lib/rack/handler/webrick.rb:48:in `service'
/Users/irina/.rvm/rubies/ruby-1.8.7-p352/lib/ruby/1.8/webrick/httpserver.rb:104:in `service'
/Users/irina/.rvm/rubies/ruby-1.8.7-p352/lib/ruby/1.8/webrick/httpserver.rb:65:in `run'
/Users/irina/.rvm/rubies/ruby-1.8.7-p352/lib/ruby/1.8/webrick/server.rb:173:in `start_thread'
/Users/irina/.rvm/rubies/ruby-1.8.7-p352/lib/ruby/1.8/webrick/server.rb:162:in `start'
/Users/irina/.rvm/rubies/ruby-1.8.7-p352/lib/ruby/1.8/webrick/server.rb:162:in `start_thread'
/Users/irina/.rvm/rubies/ruby-1.8.7-p352/lib/ruby/1.8/webrick/server.rb:95:in `start'
/Users/irina/.rvm/rubies/ruby-1.8.7-p352/lib/ruby/1.8/webrick/server.rb:92:in `each'
/Users/irina/.rvm/rubies/ruby-1.8.7-p352/lib/ruby/1.8/webrick/server.rb:92:in `start'
/Users/irina/.rvm/rubies/ruby-1.8.7-p352/lib/ruby/1.8/webrick/server.rb:23:in `start'
/Users/irina/.rvm/rubies/ruby-1.8.7-p352/lib/ruby/1.8/webrick/server.rb:82:in `start'
/Users/irina/.rvm/gems/ruby-1.8.7-p352/gems/rack-1.1.2/lib/rack/handler/webrick.rb:14:in `run'
/Users/irina/.rvm/gems/ruby-1.8.7-p352/gems/rails-2.3.11/lib/commands/server.rb:111
/Users/irina/.rvm/rubies/ruby-1.8.7-p352/lib/ruby/site_ruby/1.8/rubygems/custom_require.rb:36:in `gem_original_require'
/Users/irina/.rvm/rubies/ruby-1.8.7-p352/lib/ruby/site_ruby/1.8/rubygems/custom_require.rb:36:in `require'
script/server:3

ActionView::TemplateError (compile error
/Users/irina/Code/depot/app/views/products/new.html.erb:7: syntax error, unexpected ':', expecting ')'
...tput_buffer.concat(( f.label : title ).to_s); @output_buffer...
                              ^
/Users/irina/Code/depot/app/views/products/new.html.erb:8: syntax error, unexpected ':', expecting ')'
...buffer.concat(( f.text_field : title ).to_s); @output_buffer...
                              ^) on line #7 of app/views/products/new.html.erb:
4:   <%= f.error_messages %>
5: 
6:   <p>
7:     <%= f.label : title %><br />
8:     <%= f.text_field : title %>
9:   </p>
10:   <p>

    app/views/products/new.html.erb:26:in `compile!'
    app/controllers/products_controller.rb:29:in `new'
    /Users/irina/.rvm/rubies/ruby-1.8.7-p352/lib/ruby/1.8/webrick/httpserver.rb:104:in `service'
    /Users/irina/.rvm/rubies/ruby-1.8.7-p352/lib/ruby/1.8/webrick/httpserver.rb:65:in `run'
    /Users/irina/.rvm/rubies/ruby-1.8.7-p352/lib/ruby/1.8/webrick/server.rb:173:in `start_thread'
    /Users/irina/.rvm/rubies/ruby-1.8.7-p352/lib/ruby/1.8/webrick/server.rb:162:in `start'
    /Users/irina/.rvm/rubies/ruby-1.8.7-p352/lib/ruby/1.8/webrick/server.rb:162:in `start_thread'
    /Users/irina/.rvm/rubies/ruby-1.8.7-p352/lib/ruby/1.8/webrick/server.rb:95:in `start'
    /Users/irina/.rvm/rubies/ruby-1.8.7-p352/lib/ruby/1.8/webrick/server.rb:92:in `each'
    /Users/irina/.rvm/rubies/ruby-1.8.7-p352/lib/ruby/1.8/webrick/server.rb:92:in `start'
    /Users/irina/.rvm/rubies/ruby-1.8.7-p352/lib/ruby/1.8/webrick/server.rb:23:in `start'
    /Users/irina/.rvm/rubies/ruby-1.8.7-p352/lib/ruby/1.8/webrick/server.rb:82:in `start'

Rendered rescues/_trace (91.0ms)
Rendered rescues/_request_and_response (1.0ms)
Rendering rescues/layout (internal_server_error)


Processing ProductsController#new (for 127.0.0.1 at 2011-09-06 18:35:01) [GET]
Rendering template within layouts/products
Rendering products/new

ActionView::TemplateError (undefined method `price' for #<Product:0x101ff3b90>) on line #20 of app/views/products/new.html.erb:
17:   </p>
18:    <p>
19:     <%= f.label :price %><br />
20:     <%= f.text_field :price%>
21:   </p>
22:   <p>
23:     <%= f.submit 'Create' %>

    app/views/products/new.html.erb:20
    app/views/products/new.html.erb:3
    app/controllers/products_controller.rb:29:in `new'
    /Users/irina/.rvm/rubies/ruby-1.8.7-p352/lib/ruby/1.8/webrick/httpserver.rb:104:in `service'
    /Users/irina/.rvm/rubies/ruby-1.8.7-p352/lib/ruby/1.8/webrick/httpserver.rb:65:in `run'
    /Users/irina/.rvm/rubies/ruby-1.8.7-p352/lib/ruby/1.8/webrick/server.rb:173:in `start_thread'
    /Users/irina/.rvm/rubies/ruby-1.8.7-p352/lib/ruby/1.8/webrick/server.rb:162:in `start'
    /Users/irina/.rvm/rubies/ruby-1.8.7-p352/lib/ruby/1.8/webrick/server.rb:162:in `start_thread'
    /Users/irina/.rvm/rubies/ruby-1.8.7-p352/lib/ruby/1.8/webrick/server.rb:95:in `start'
    /Users/irina/.rvm/rubies/ruby-1.8.7-p352/lib/ruby/1.8/webrick/server.rb:92:in `each'
    /Users/irina/.rvm/rubies/ruby-1.8.7-p352/lib/ruby/1.8/webrick/server.rb:92:in `start'
    /Users/irina/.rvm/rubies/ruby-1.8.7-p352/lib/ruby/1.8/webrick/server.rb:23:in `start'
    /Users/irina/.rvm/rubies/ruby-1.8.7-p352/lib/ruby/1.8/webrick/server.rb:82:in `start'

Rendered rescues/_trace (99.5ms)
Rendered rescues/_request_and_response (0.2ms)
Rendering rescues/layout (internal_server_error)


Processing ProductsController#new (for 127.0.0.1 at 2011-09-06 18:35:20) [GET]
Rendering template within layouts/products
Rendering products/new

ActionView::TemplateError (undefined method `price' for #<Product:0x101fdc670>) on line #20 of app/views/products/new.html.erb:
17:   </p>
18:    <p>
19:     <%= f.label :price %><br />
20:     <%= f.text_field :price %>
21:   </p>
22:   <p>
23:     <%= f.submit 'Create' %>

    app/views/products/new.html.erb:20
    app/views/products/new.html.erb:3
    app/controllers/products_controller.rb:29:in `new'
    /Users/irina/.rvm/rubies/ruby-1.8.7-p352/lib/ruby/1.8/webrick/httpserver.rb:104:in `service'
    /Users/irina/.rvm/rubies/ruby-1.8.7-p352/lib/ruby/1.8/webrick/httpserver.rb:65:in `run'
    /Users/irina/.rvm/rubies/ruby-1.8.7-p352/lib/ruby/1.8/webrick/server.rb:173:in `start_thread'
    /Users/irina/.rvm/rubies/ruby-1.8.7-p352/lib/ruby/1.8/webrick/server.rb:162:in `start'
    /Users/irina/.rvm/rubies/ruby-1.8.7-p352/lib/ruby/1.8/webrick/server.rb:162:in `start_thread'
    /Users/irina/.rvm/rubies/ruby-1.8.7-p352/lib/ruby/1.8/webrick/server.rb:95:in `start'
    /Users/irina/.rvm/rubies/ruby-1.8.7-p352/lib/ruby/1.8/webrick/server.rb:92:in `each'
    /Users/irina/.rvm/rubies/ruby-1.8.7-p352/lib/ruby/1.8/webrick/server.rb:92:in `start'
    /Users/irina/.rvm/rubies/ruby-1.8.7-p352/lib/ruby/1.8/webrick/server.rb:23:in `start'
    /Users/irina/.rvm/rubies/ruby-1.8.7-p352/lib/ruby/1.8/webrick/server.rb:82:in `start'

Rendered rescues/_trace (99.1ms)
Rendered rescues/_request_and_response (0.2ms)
Rendering rescues/layout (internal_server_error)
  [4;36;1mSQL (36.8ms)[0m   [0;1m SELECT name
 FROM sqlite_master
 WHERE type = 'table' AND NOT name = 'sqlite_sequence'
[0m
  [4;35;1mSQL (0.2ms)[0m   [0mSELECT version FROM schema_migrations[0m
Migrating to CreateProducts (20110906192040)
Migrating to AddPriceToProduct (20110906223651)
  [4;36;1mSQL (0.1ms)[0m   [0;1mselect sqlite_version(*)[0m
  [4;35;1mSQL (0.5ms)[0m   [0mALTER TABLE "products" ADD "price" decimal(8,2) DEFAULT 0[0m
  [4;36;1mSQL (0.1ms)[0m   [0;1mINSERT INTO schema_migrations (version) VALUES ('20110906223651')[0m
  [4;35;1mSQL (0.2ms)[0m   [0m SELECT name
 FROM sqlite_master
 WHERE type = 'table' AND NOT name = 'sqlite_sequence'
[0m
  [4;36;1mSQL (0.1ms)[0m   [0;1mSELECT version FROM schema_migrations[0m
  [4;35;1mSQL (0.1ms)[0m   [0m SELECT name
 FROM sqlite_master
 WHERE type = 'table' AND NOT name = 'sqlite_sequence'
[0m
  [4;36;1mSQL (0.0ms)[0m   [0;1mPRAGMA index_list("products")[0m


Processing ProductsController#new (for 127.0.0.1 at 2011-09-06 18:39:31) [GET]
Rendering template within layouts/products
Rendering products/new
Completed in 18ms (View: 15, DB: 0) | 200 OK [http://localhost/products/new]


Processing ProductsController#new (for 127.0.0.1 at 2011-09-07 09:40:45) [GET]
Rendering template within layouts/products
Rendering products/new
Completed in 19ms (View: 15, DB: 0) | 200 OK [http://localhost/products/new]


Processing ProductsController#new (for 127.0.0.1 at 2011-09-07 09:41:21) [GET]

TypeError (superclass must be a Class (ActiveSupport::Callbacks::CallbackChain given)):
  app/models/product.rb:1
  app/controllers/products_controller.rb:27:in `new'
  /Users/irina/.rvm/rubies/ruby-1.8.7-p352/lib/ruby/1.8/webrick/httpserver.rb:104:in `service'
  /Users/irina/.rvm/rubies/ruby-1.8.7-p352/lib/ruby/1.8/webrick/httpserver.rb:65:in `run'
  /Users/irina/.rvm/rubies/ruby-1.8.7-p352/lib/ruby/1.8/webrick/server.rb:173:in `start_thread'
  /Users/irina/.rvm/rubies/ruby-1.8.7-p352/lib/ruby/1.8/webrick/server.rb:162:in `start'
  /Users/irina/.rvm/rubies/ruby-1.8.7-p352/lib/ruby/1.8/webrick/server.rb:162:in `start_thread'
  /Users/irina/.rvm/rubies/ruby-1.8.7-p352/lib/ruby/1.8/webrick/server.rb:95:in `start'
  /Users/irina/.rvm/rubies/ruby-1.8.7-p352/lib/ruby/1.8/webrick/server.rb:92:in `each'
  /Users/irina/.rvm/rubies/ruby-1.8.7-p352/lib/ruby/1.8/webrick/server.rb:92:in `start'
  /Users/irina/.rvm/rubies/ruby-1.8.7-p352/lib/ruby/1.8/webrick/server.rb:23:in `start'
  /Users/irina/.rvm/rubies/ruby-1.8.7-p352/lib/ruby/1.8/webrick/server.rb:82:in `start'

Rendered rescues/_trace (84.5ms)
Rendered rescues/_request_and_response (1.0ms)
Rendering rescues/layout (internal_server_error)


Processing ProductsController#new (for 127.0.0.1 at 2011-09-07 09:41:21) [GET]

TypeError (superclass must be a Class (ActiveSupport::Callbacks::CallbackChain given)):
  app/models/product.rb:1
  app/controllers/products_controller.rb:27:in `new'
  /Users/irina/.rvm/rubies/ruby-1.8.7-p352/lib/ruby/1.8/webrick/httpserver.rb:104:in `service'
  /Users/irina/.rvm/rubies/ruby-1.8.7-p352/lib/ruby/1.8/webrick/httpserver.rb:65:in `run'
  /Users/irina/.rvm/rubies/ruby-1.8.7-p352/lib/ruby/1.8/webrick/server.rb:173:in `start_thread'
  /Users/irina/.rvm/rubies/ruby-1.8.7-p352/lib/ruby/1.8/webrick/server.rb:162:in `start'
  /Users/irina/.rvm/rubies/ruby-1.8.7-p352/lib/ruby/1.8/webrick/server.rb:162:in `start_thread'
  /Users/irina/.rvm/rubies/ruby-1.8.7-p352/lib/ruby/1.8/webrick/server.rb:95:in `start'
  /Users/irina/.rvm/rubies/ruby-1.8.7-p352/lib/ruby/1.8/webrick/server.rb:92:in `each'
  /Users/irina/.rvm/rubies/ruby-1.8.7-p352/lib/ruby/1.8/webrick/server.rb:92:in `start'
  /Users/irina/.rvm/rubies/ruby-1.8.7-p352/lib/ruby/1.8/webrick/server.rb:23:in `start'
  /Users/irina/.rvm/rubies/ruby-1.8.7-p352/lib/ruby/1.8/webrick/server.rb:82:in `start'

Rendered rescues/_trace (39.5ms)
Rendered rescues/_request_and_response (0.3ms)
Rendering rescues/layout (internal_server_error)


Processing ProductsController#new (for 127.0.0.1 at 2011-09-07 09:47:50) [GET]
Rendering template within layouts/products
Rendering products/new
Completed in 11ms (View: 7, DB: 0) | 200 OK [http://localhost/products/new]


Processing ProductsController#create (for 127.0.0.1 at 2011-09-07 09:48:12) [POST]
  Parameters: {"commit"=>"Create", "authenticity_token"=>"s2as7JsnwGAKSHrAjSrW5+JwEBhF/uzsG2l2eWm1Zpg=", "product"=>{"price"=>"0.0", "image_url"=>"", "title"=>"", "description"=>""}}
Rendering template within layouts/products
Rendering products/new
Completed in 19ms (View: 12, DB: 0) | 200 OK [http://localhost/products]


Processing ProductsController#create (for 127.0.0.1 at 2011-09-07 09:49:51) [POST]
  Parameters: {"commit"=>"Create", "authenticity_token"=>"s2as7JsnwGAKSHrAjSrW5+JwEBhF/uzsG2l2eWm1Zpg=", "product"=>{"price"=>"haha", "image_url"=>"/images/svn.jpg", "title"=>"Test", "description"=>"A true masterwork. "}}
Rendering template within layouts/products
Rendering products/new
Completed in 14ms (View: 9, DB: 0) | 200 OK [http://localhost/products]


Processing ProductsController#create (for 127.0.0.1 at 2011-09-07 09:50:05) [POST]
  Parameters: {"commit"=>"Create", "authenticity_token"=>"s2as7JsnwGAKSHrAjSrW5+JwEBhF/uzsG2l2eWm1Zpg=", "product"=>{"price"=>"0.0", "image_url"=>"/images/svn.jpg", "title"=>"Test", "description"=>"A true masterwork. "}}
Rendering template within layouts/products
Rendering products/new
Completed in 12ms (View: 6, DB: 0) | 200 OK [http://localhost/products]


Processing ProductsController#create (for 127.0.0.1 at 2011-09-07 09:59:27) [POST]
  Parameters: {"commit"=>"Create", "authenticity_token"=>"s2as7JsnwGAKSHrAjSrW5+JwEBhF/uzsG2l2eWm1Zpg=", "product"=>{"price"=>"0.0", "image_url"=>"/images/svn.jpg", "title"=>"Test", "description"=>"A true masterwork. "}}
  [4;36;1mProduct Load (0.1ms)[0m   [0;1mSELECT "products".id FROM "products" WHERE ("products"."title" = 'Test') LIMIT 1[0m
Rendering template within layouts/products
Rendering products/new
Completed in 14ms (View: 7, DB: 0) | 200 OK [http://localhost/products]


Processing ProductsController#create (for 127.0.0.1 at 2011-09-07 09:59:43) [POST]
  Parameters: {"commit"=>"Create", "authenticity_token"=>"s2as7JsnwGAKSHrAjSrW5+JwEBhF/uzsG2l2eWm1Zpg=", "product"=>{"price"=>"0.01", "image_url"=>"/images/svn.jpg", "title"=>"Test", "description"=>"A true masterwork. "}}
  [4;35;1mProduct Load (0.1ms)[0m   [0mSELECT "products".id FROM "products" WHERE ("products"."title" = 'Test') LIMIT 1[0m
  [4;36;1mProduct Create (0.3ms)[0m   [0;1mINSERT INTO "products" ("price", "created_at", "title", "image_url", "updated_at", "description") VALUES(0.01, '2011-09-07 13:59:43', 'Test', '/images/svn.jpg', '2011-09-07 13:59:43', 'A true masterwork. ')[0m
Redirected to http://localhost:3000/products/1
Completed in 11ms (DB: 0) | 302 Found [http://localhost/products]


Processing ProductsController#show (for 127.0.0.1 at 2011-09-07 09:59:43) [GET]
  Parameters: {"id"=>"1"}
  [4;35;1mProduct Load (0.2ms)[0m   [0mSELECT * FROM "products" WHERE ("products"."id" = 1) [0m
Rendering template within layouts/products
Rendering products/show
Completed in 10ms (View: 6, DB: 0) | 200 OK [http://localhost/products/1]


Processing ProductsController#index (for 127.0.0.1 at 2011-09-07 10:28:33) [GET]
  [4;36;1mProduct Load (0.4ms)[0m   [0;1mSELECT * FROM "products" [0m
Rendering template within layouts/products
Rendering products/index
Completed in 12ms (View: 8, DB: 0) | 200 OK [http://localhost/products]
  [4;36;1mSQL (0.4ms)[0m   [0;1m SELECT name
 FROM sqlite_master
 WHERE type = 'table' AND NOT name = 'sqlite_sequence'
[0m
  [4;35;1mSQL (0.2ms)[0m   [0mSELECT version FROM schema_migrations[0m
Migrating to CreateProducts (20110906192040)
Migrating to AddPriceToProduct (20110906223651)
Migrating to AddTestData (20110907155935)
  [4;36;1mSQL (0.1ms)[0m   [0;1mselect sqlite_version(*)[0m
  [4;35;1mProduct Delete all (0.4ms)[0m   [0mDELETE FROM "products" WHERE 1=1[0m
  [4;36;1mProduct Load (0.1ms)[0m   [0;1mSELECT "products".id FROM "products" WHERE ("products"."title" = 'Pragmatic Version Control') LIMIT 1[0m
  [4;35;1mProduct Create (0.1ms)[0m   [0mINSERT INTO "products" ("price", "created_at", "title", "image_url", "updated_at", "description") VALUES(28.5, '2011-09-07 16:19:21', 'Pragmatic Version Control', '/images/svn.jpg', '2011-09-07 16:19:21', '<p>
 This book is a recipe-based approach to using Subversion yjay will get up and running
 quickly---and correctly. All projects need version control: It''s a foundational piece
 of any project''s infrastructure. Yet half of all project teams in the U.S. don''t use
 any version control at all. Many others don''t use it well, and end up experiencing 
 time-consuming problems.
 </p>')[0m
  [4;36;1mSQL (0.1ms)[0m   [0;1mINSERT INTO schema_migrations (version) VALUES ('20110907155935')[0m
  [4;35;1mSQL (0.2ms)[0m   [0m SELECT name
 FROM sqlite_master
 WHERE type = 'table' AND NOT name = 'sqlite_sequence'
[0m
  [4;36;1mSQL (0.1ms)[0m   [0;1mSELECT version FROM schema_migrations[0m
  [4;35;1mSQL (0.1ms)[0m   [0m SELECT name
 FROM sqlite_master
 WHERE type = 'table' AND NOT name = 'sqlite_sequence'
[0m
  [4;36;1mSQL (0.1ms)[0m   [0;1mPRAGMA index_list("products")[0m


Processing ProductsController#show (for 127.0.0.1 at 2011-09-07 12:20:05) [GET]
  Parameters: {"id"=>"1"}
  [4;36;1mProduct Load (0.1ms)[0m   [0;1mSELECT * FROM "products" WHERE ("products"."id" = 1) [0m

ActiveRecord::RecordNotFound (Couldn't find Product with ID=1):
  app/controllers/products_controller.rb:16:in `show'
  /Users/irina/.rvm/rubies/ruby-1.8.7-p352/lib/ruby/1.8/webrick/httpserver.rb:104:in `service'
  /Users/irina/.rvm/rubies/ruby-1.8.7-p352/lib/ruby/1.8/webrick/httpserver.rb:65:in `run'
  /Users/irina/.rvm/rubies/ruby-1.8.7-p352/lib/ruby/1.8/webrick/server.rb:173:in `start_thread'
  /Users/irina/.rvm/rubies/ruby-1.8.7-p352/lib/ruby/1.8/webrick/server.rb:162:in `start'
  /Users/irina/.rvm/rubies/ruby-1.8.7-p352/lib/ruby/1.8/webrick/server.rb:162:in `start_thread'
  /Users/irina/.rvm/rubies/ruby-1.8.7-p352/lib/ruby/1.8/webrick/server.rb:95:in `start'
  /Users/irina/.rvm/rubies/ruby-1.8.7-p352/lib/ruby/1.8/webrick/server.rb:92:in `each'
  /Users/irina/.rvm/rubies/ruby-1.8.7-p352/lib/ruby/1.8/webrick/server.rb:92:in `start'
  /Users/irina/.rvm/rubies/ruby-1.8.7-p352/lib/ruby/1.8/webrick/server.rb:23:in `start'
  /Users/irina/.rvm/rubies/ruby-1.8.7-p352/lib/ruby/1.8/webrick/server.rb:82:in `start'

Rendered rescues/_trace (38.2ms)
Rendered rescues/_request_and_response (1.1ms)
Rendering rescues/layout (not_found)


Processing ProductsController#edit (for 127.0.0.1 at 2011-09-07 12:20:19) [GET]
  Parameters: {"id"=>"1"}
  [4;35;1mProduct Load (0.1ms)[0m   [0mSELECT * FROM "products" WHERE ("products"."id" = 1) [0m

ActiveRecord::RecordNotFound (Couldn't find Product with ID=1):
  app/controllers/products_controller.rb:37:in `edit'
  /Users/irina/.rvm/rubies/ruby-1.8.7-p352/lib/ruby/1.8/webrick/httpserver.rb:104:in `service'
  /Users/irina/.rvm/rubies/ruby-1.8.7-p352/lib/ruby/1.8/webrick/httpserver.rb:65:in `run'
  /Users/irina/.rvm/rubies/ruby-1.8.7-p352/lib/ruby/1.8/webrick/server.rb:173:in `start_thread'
  /Users/irina/.rvm/rubies/ruby-1.8.7-p352/lib/ruby/1.8/webrick/server.rb:162:in `start'
  /Users/irina/.rvm/rubies/ruby-1.8.7-p352/lib/ruby/1.8/webrick/server.rb:162:in `start_thread'
  /Users/irina/.rvm/rubies/ruby-1.8.7-p352/lib/ruby/1.8/webrick/server.rb:95:in `start'
  /Users/irina/.rvm/rubies/ruby-1.8.7-p352/lib/ruby/1.8/webrick/server.rb:92:in `each'
  /Users/irina/.rvm/rubies/ruby-1.8.7-p352/lib/ruby/1.8/webrick/server.rb:92:in `start'
  /Users/irina/.rvm/rubies/ruby-1.8.7-p352/lib/ruby/1.8/webrick/server.rb:23:in `start'
  /Users/irina/.rvm/rubies/ruby-1.8.7-p352/lib/ruby/1.8/webrick/server.rb:82:in `start'

Rendered rescues/_trace (35.0ms)
Rendered rescues/_request_and_response (0.3ms)
Rendering rescues/layout (not_found)


Processing ProductsController#new (for 127.0.0.1 at 2011-09-07 12:20:23) [GET]
Rendering template within layouts/products
Rendering products/new
Completed in 18ms (View: 14, DB: 0) | 200 OK [http://localhost/products/new]


Processing ProductsController#create (for 127.0.0.1 at 2011-09-07 12:20:32) [POST]
  Parameters: {"commit"=>"Create", "authenticity_token"=>"s2as7JsnwGAKSHrAjSrW5+JwEBhF/uzsG2l2eWm1Zpg=", "product"=>{"price"=>"0.0", "image_url"=>"", "title"=>"", "description"=>""}}
  [4;36;1mProduct Load (0.1ms)[0m   [0;1mSELECT "products".id FROM "products" WHERE ("products"."title" = '') LIMIT 1[0m
Rendering template within layouts/products
Rendering products/new
Completed in 21ms (View: 13, DB: 0) | 200 OK [http://localhost/products]


Processing ProductsController#index (for 127.0.0.1 at 2011-09-07 12:20:38) [GET]
  [4;35;1mProduct Load (0.4ms)[0m   [0mSELECT * FROM "products" [0m
Rendering template within layouts/products
Rendering products/index
Completed in 12ms (View: 8, DB: 0) | 200 OK [http://localhost/products]


Processing ProductsController#new (for 127.0.0.1 at 2011-09-07 12:30:07) [GET]
Rendering template within layouts/products
Rendering products/new
Completed in 14ms (View: 9, DB: 0) | 200 OK [http://localhost/products/new]


Processing ApplicationController#index (for 127.0.0.1 at 2011-09-07 12:30:07) [GET]

ActionController::RoutingError (No route matches "/stylesheets/depot.css" with {:method=>:get}):
  /Users/irina/.rvm/rubies/ruby-1.8.7-p352/lib/ruby/1.8/webrick/httpserver.rb:104:in `service'
  /Users/irina/.rvm/rubies/ruby-1.8.7-p352/lib/ruby/1.8/webrick/httpserver.rb:65:in `run'
  /Users/irina/.rvm/rubies/ruby-1.8.7-p352/lib/ruby/1.8/webrick/server.rb:173:in `start_thread'
  /Users/irina/.rvm/rubies/ruby-1.8.7-p352/lib/ruby/1.8/webrick/server.rb:162:in `start'
  /Users/irina/.rvm/rubies/ruby-1.8.7-p352/lib/ruby/1.8/webrick/server.rb:162:in `start_thread'
  /Users/irina/.rvm/rubies/ruby-1.8.7-p352/lib/ruby/1.8/webrick/server.rb:95:in `start'
  /Users/irina/.rvm/rubies/ruby-1.8.7-p352/lib/ruby/1.8/webrick/server.rb:92:in `each'
  /Users/irina/.rvm/rubies/ruby-1.8.7-p352/lib/ruby/1.8/webrick/server.rb:92:in `start'
  /Users/irina/.rvm/rubies/ruby-1.8.7-p352/lib/ruby/1.8/webrick/server.rb:23:in `start'
  /Users/irina/.rvm/rubies/ruby-1.8.7-p352/lib/ruby/1.8/webrick/server.rb:82:in `start'

Rendering rescues/layout (not_found)


Processing ProductsController#create (for 127.0.0.1 at 2011-09-07 12:32:00) [POST]
  Parameters: {"commit"=>"Create", "authenticity_token"=>"s2as7JsnwGAKSHrAjSrW5+JwEBhF/uzsG2l2eWm1Zpg=", "product"=>{"price"=>"20.00", "image_url"=>"", "title"=>" The Art of Fielding", "description"=>"Though The Art of Fielding is his fiction debut, Chad Harbach writes with the self-assurance of a seasoned novelist. He exercises a masterful precision over the language and pacing of his narrative, and in some 500 pages, there's rarely a word that feels out of place. The title is a reference to baseball, but Harbach's concern with sports is more than just a cheap metaphor. The Art of Fielding explores relationships--between friends, family, and lovers--and the unpredictable forces that complicate them. There's an unintended affair, a post-graduate plan derailed by rejection letters, a marriage dissolved by honesty, and at the center of the book, the single baseball error that sets all of these events into motion. The Art of Fielding is somehow both confident and intimate, simple yet deeply moving. Harbach has penned one of the year's finest works of fiction. --Kevin Nguyen"}}
  [4;36;1mProduct Load (0.1ms)[0m   [0;1mSELECT "products".id FROM "products" WHERE ("products"."title" = ' The Art of Fielding') LIMIT 1[0m
Rendering template within layouts/products
Rendering products/new
Completed in 17ms (View: 9, DB: 0) | 200 OK [http://localhost/products]


Processing ApplicationController#index (for 127.0.0.1 at 2011-09-07 12:32:00) [GET]

ActionController::RoutingError (No route matches "/stylesheets/depot.css" with {:method=>:get}):
  /Users/irina/.rvm/rubies/ruby-1.8.7-p352/lib/ruby/1.8/webrick/httpserver.rb:104:in `service'
  /Users/irina/.rvm/rubies/ruby-1.8.7-p352/lib/ruby/1.8/webrick/httpserver.rb:65:in `run'
  /Users/irina/.rvm/rubies/ruby-1.8.7-p352/lib/ruby/1.8/webrick/server.rb:173:in `start_thread'
  /Users/irina/.rvm/rubies/ruby-1.8.7-p352/lib/ruby/1.8/webrick/server.rb:162:in `start'
  /Users/irina/.rvm/rubies/ruby-1.8.7-p352/lib/ruby/1.8/webrick/server.rb:162:in `start_thread'
  /Users/irina/.rvm/rubies/ruby-1.8.7-p352/lib/ruby/1.8/webrick/server.rb:95:in `start'
  /Users/irina/.rvm/rubies/ruby-1.8.7-p352/lib/ruby/1.8/webrick/server.rb:92:in `each'
  /Users/irina/.rvm/rubies/ruby-1.8.7-p352/lib/ruby/1.8/webrick/server.rb:92:in `start'
  /Users/irina/.rvm/rubies/ruby-1.8.7-p352/lib/ruby/1.8/webrick/server.rb:23:in `start'
  /Users/irina/.rvm/rubies/ruby-1.8.7-p352/lib/ruby/1.8/webrick/server.rb:82:in `start'

Rendering rescues/layout (not_found)


Processing ProductsController#create (for 127.0.0.1 at 2011-09-07 12:32:27) [POST]
  Parameters: {"commit"=>"Create", "authenticity_token"=>"s2as7JsnwGAKSHrAjSrW5+JwEBhF/uzsG2l2eWm1Zpg=", "product"=>{"price"=>"20.00", "image_url"=>"/images/svn.jpg", "title"=>" The Art of Fielding", "description"=>"Though The Art of Fielding is his fiction debut, Chad Harbach writes with the self-assurance of a seasoned novelist. He exercises a masterful precision over the language and pacing of his narrative, and in some 500 pages, there's rarely a word that feels out of place. The title is a reference to baseball, but Harbach's concern with sports is more than just a cheap metaphor. The Art of Fielding explores relationships--between friends, family, and lovers--and the unpredictable forces that complicate them. There's an unintended affair, a post-graduate plan derailed by rejection letters, a marriage dissolved by honesty, and at the center of the book, the single baseball error that sets all of these events into motion. The Art of Fielding is somehow both confident and intimate, simple yet deeply moving. Harbach has penned one of the year's finest works of fiction. --Kevin Nguyen"}}
  [4;35;1mProduct Load (0.1ms)[0m   [0mSELECT "products".id FROM "products" WHERE ("products"."title" = ' The Art of Fielding') LIMIT 1[0m
  [4;36;1mProduct Create (0.4ms)[0m   [0;1mINSERT INTO "products" ("price", "created_at", "title", "image_url", "updated_at", "description") VALUES(20.0, '2011-09-07 16:32:27', ' The Art of Fielding', '/images/svn.jpg', '2011-09-07 16:32:27', 'Though The Art of Fielding is his fiction debut, Chad Harbach writes with the self-assurance of a seasoned novelist. He exercises a masterful precision over the language and pacing of his narrative, and in some 500 pages, there''s rarely a word that feels out of place. The title is a reference to baseball, but Harbach''s concern with sports is more than just a cheap metaphor. The Art of Fielding explores relationships--between friends, family, and lovers--and the unpredictable forces that complicate them. There''s an unintended affair, a post-graduate plan derailed by rejection letters, a marriage dissolved by honesty, and at the center of the book, the single baseball error that sets all of these events into motion. The Art of Fielding is somehow both confident and intimate, simple yet deeply moving. Harbach has penned one of the year''s finest works of fiction. --Kevin Nguyen')[0m
Redirected to http://localhost:3000/products/3
Completed in 10ms (DB: 0) | 302 Found [http://localhost/products]


Processing ProductsController#show (for 127.0.0.1 at 2011-09-07 12:32:27) [GET]
  Parameters: {"id"=>"3"}
  [4;35;1mProduct Load (0.2ms)[0m   [0mSELECT * FROM "products" WHERE ("products"."id" = 3) [0m
Rendering template within layouts/products
Rendering products/show
Completed in 59ms (View: 55, DB: 0) | 200 OK [http://localhost/products/3]


Processing ApplicationController#index (for 127.0.0.1 at 2011-09-07 12:32:27) [GET]

ActionController::RoutingError (No route matches "/stylesheets/depot.css" with {:method=>:get}):
  /Users/irina/.rvm/rubies/ruby-1.8.7-p352/lib/ruby/1.8/webrick/httpserver.rb:104:in `service'
  /Users/irina/.rvm/rubies/ruby-1.8.7-p352/lib/ruby/1.8/webrick/httpserver.rb:65:in `run'
  /Users/irina/.rvm/rubies/ruby-1.8.7-p352/lib/ruby/1.8/webrick/server.rb:173:in `start_thread'
  /Users/irina/.rvm/rubies/ruby-1.8.7-p352/lib/ruby/1.8/webrick/server.rb:162:in `start'
  /Users/irina/.rvm/rubies/ruby-1.8.7-p352/lib/ruby/1.8/webrick/server.rb:162:in `start_thread'
  /Users/irina/.rvm/rubies/ruby-1.8.7-p352/lib/ruby/1.8/webrick/server.rb:95:in `start'
  /Users/irina/.rvm/rubies/ruby-1.8.7-p352/lib/ruby/1.8/webrick/server.rb:92:in `each'
  /Users/irina/.rvm/rubies/ruby-1.8.7-p352/lib/ruby/1.8/webrick/server.rb:92:in `start'
  /Users/irina/.rvm/rubies/ruby-1.8.7-p352/lib/ruby/1.8/webrick/server.rb:23:in `start'
  /Users/irina/.rvm/rubies/ruby-1.8.7-p352/lib/ruby/1.8/webrick/server.rb:82:in `start'

Rendering rescues/layout (not_found)


Processing ProductsController#show (for 127.0.0.1 at 2011-09-07 12:58:21) [GET]
  Parameters: {"id"=>"3"}
  [4;36;1mProduct Load (0.1ms)[0m   [0;1mSELECT * FROM "products" WHERE ("products"."id" = 3) [0m
Rendering template within layouts/products
Rendering products/show
Completed in 7ms (View: 2, DB: 0) | 200 OK [http://localhost/products/3]


Processing ApplicationController#index (for 127.0.0.1 at 2011-09-07 12:58:21) [GET]

ActionController::RoutingError (No route matches "/stylesheets/depot.css" with {:method=>:get}):
  /Users/irina/.rvm/rubies/ruby-1.8.7-p352/lib/ruby/1.8/webrick/httpserver.rb:104:in `service'
  /Users/irina/.rvm/rubies/ruby-1.8.7-p352/lib/ruby/1.8/webrick/httpserver.rb:65:in `run'
  /Users/irina/.rvm/rubies/ruby-1.8.7-p352/lib/ruby/1.8/webrick/server.rb:173:in `start_thread'
  /Users/irina/.rvm/rubies/ruby-1.8.7-p352/lib/ruby/1.8/webrick/server.rb:162:in `start'
  /Users/irina/.rvm/rubies/ruby-1.8.7-p352/lib/ruby/1.8/webrick/server.rb:162:in `start_thread'
  /Users/irina/.rvm/rubies/ruby-1.8.7-p352/lib/ruby/1.8/webrick/server.rb:95:in `start'
  /Users/irina/.rvm/rubies/ruby-1.8.7-p352/lib/ruby/1.8/webrick/server.rb:92:in `each'
  /Users/irina/.rvm/rubies/ruby-1.8.7-p352/lib/ruby/1.8/webrick/server.rb:92:in `start'
  /Users/irina/.rvm/rubies/ruby-1.8.7-p352/lib/ruby/1.8/webrick/server.rb:23:in `start'
  /Users/irina/.rvm/rubies/ruby-1.8.7-p352/lib/ruby/1.8/webrick/server.rb:82:in `start'

Rendering rescues/layout (not_found)


Processing ProductsController#show (for 127.0.0.1 at 2011-09-07 12:58:23) [GET]
  Parameters: {"id"=>"3"}
  [4;35;1mProduct Load (0.1ms)[0m   [0mSELECT * FROM "products" WHERE ("products"."id" = 3) [0m
Rendering template within layouts/products
Rendering products/show
Completed in 7ms (View: 2, DB: 0) | 200 OK [http://localhost/products/3]


Processing ApplicationController#index (for 127.0.0.1 at 2011-09-07 12:58:23) [GET]

ActionController::RoutingError (No route matches "/stylesheets/depot.css" with {:method=>:get}):
  /Users/irina/.rvm/rubies/ruby-1.8.7-p352/lib/ruby/1.8/webrick/httpserver.rb:104:in `service'
  /Users/irina/.rvm/rubies/ruby-1.8.7-p352/lib/ruby/1.8/webrick/httpserver.rb:65:in `run'
  /Users/irina/.rvm/rubies/ruby-1.8.7-p352/lib/ruby/1.8/webrick/server.rb:173:in `start_thread'
  /Users/irina/.rvm/rubies/ruby-1.8.7-p352/lib/ruby/1.8/webrick/server.rb:162:in `start'
  /Users/irina/.rvm/rubies/ruby-1.8.7-p352/lib/ruby/1.8/webrick/server.rb:162:in `start_thread'
  /Users/irina/.rvm/rubies/ruby-1.8.7-p352/lib/ruby/1.8/webrick/server.rb:95:in `start'
  /Users/irina/.rvm/rubies/ruby-1.8.7-p352/lib/ruby/1.8/webrick/server.rb:92:in `each'
  /Users/irina/.rvm/rubies/ruby-1.8.7-p352/lib/ruby/1.8/webrick/server.rb:92:in `start'
  /Users/irina/.rvm/rubies/ruby-1.8.7-p352/lib/ruby/1.8/webrick/server.rb:23:in `start'
  /Users/irina/.rvm/rubies/ruby-1.8.7-p352/lib/ruby/1.8/webrick/server.rb:82:in `start'

Rendering rescues/layout (not_found)


Processing ProductsController#index (for 127.0.0.1 at 2011-09-07 12:58:44) [GET]
  [4;36;1mProduct Load (0.4ms)[0m   [0;1mSELECT * FROM "products" [0m
Rendering template within layouts/products
Rendering products/index
Completed in 14ms (View: 10, DB: 0) | 200 OK [http://localhost/products]


Processing ApplicationController#index (for 127.0.0.1 at 2011-09-07 12:58:44) [GET]

ActionController::RoutingError (No route matches "/images/svn.jpg" with {:method=>:get}):
  /Users/irina/.rvm/rubies/ruby-1.8.7-p352/lib/ruby/1.8/webrick/httpserver.rb:104:in `service'
  /Users/irina/.rvm/rubies/ruby-1.8.7-p352/lib/ruby/1.8/webrick/httpserver.rb:65:in `run'
  /Users/irina/.rvm/rubies/ruby-1.8.7-p352/lib/ruby/1.8/webrick/server.rb:173:in `start_thread'
  /Users/irina/.rvm/rubies/ruby-1.8.7-p352/lib/ruby/1.8/webrick/server.rb:162:in `start'
  /Users/irina/.rvm/rubies/ruby-1.8.7-p352/lib/ruby/1.8/webrick/server.rb:162:in `start_thread'
  /Users/irina/.rvm/rubies/ruby-1.8.7-p352/lib/ruby/1.8/webrick/server.rb:95:in `start'
  /Users/irina/.rvm/rubies/ruby-1.8.7-p352/lib/ruby/1.8/webrick/server.rb:92:in `each'
  /Users/irina/.rvm/rubies/ruby-1.8.7-p352/lib/ruby/1.8/webrick/server.rb:92:in `start'
  /Users/irina/.rvm/rubies/ruby-1.8.7-p352/lib/ruby/1.8/webrick/server.rb:23:in `start'
  /Users/irina/.rvm/rubies/ruby-1.8.7-p352/lib/ruby/1.8/webrick/server.rb:82:in `start'

Rendering rescues/layout (not_found)


Processing ApplicationController#index (for 127.0.0.1 at 2011-09-07 12:58:44) [GET]

ActionController::RoutingError (No route matches "/stylesheets/depot.css" with {:method=>:get}):
  /Users/irina/.rvm/rubies/ruby-1.8.7-p352/lib/ruby/1.8/webrick/httpserver.rb:104:in `service'
  /Users/irina/.rvm/rubies/ruby-1.8.7-p352/lib/ruby/1.8/webrick/httpserver.rb:65:in `run'
  /Users/irina/.rvm/rubies/ruby-1.8.7-p352/lib/ruby/1.8/webrick/server.rb:173:in `start_thread'
  /Users/irina/.rvm/rubies/ruby-1.8.7-p352/lib/ruby/1.8/webrick/server.rb:162:in `start'
  /Users/irina/.rvm/rubies/ruby-1.8.7-p352/lib/ruby/1.8/webrick/server.rb:162:in `start_thread'
  /Users/irina/.rvm/rubies/ruby-1.8.7-p352/lib/ruby/1.8/webrick/server.rb:95:in `start'
  /Users/irina/.rvm/rubies/ruby-1.8.7-p352/lib/ruby/1.8/webrick/server.rb:92:in `each'
  /Users/irina/.rvm/rubies/ruby-1.8.7-p352/lib/ruby/1.8/webrick/server.rb:92:in `start'
  /Users/irina/.rvm/rubies/ruby-1.8.7-p352/lib/ruby/1.8/webrick/server.rb:23:in `start'
  /Users/irina/.rvm/rubies/ruby-1.8.7-p352/lib/ruby/1.8/webrick/server.rb:82:in `start'

Rendering rescues/layout (not_found)


Processing ApplicationController#index (for 127.0.0.1 at 2011-09-07 12:58:44) [GET]

ActionController::RoutingError (No route matches "/images/svn.jpg" with {:method=>:get}):
  /Users/irina/.rvm/rubies/ruby-1.8.7-p352/lib/ruby/1.8/webrick/httpserver.rb:104:in `service'
  /Users/irina/.rvm/rubies/ruby-1.8.7-p352/lib/ruby/1.8/webrick/httpserver.rb:65:in `run'
  /Users/irina/.rvm/rubies/ruby-1.8.7-p352/lib/ruby/1.8/webrick/server.rb:173:in `start_thread'
  /Users/irina/.rvm/rubies/ruby-1.8.7-p352/lib/ruby/1.8/webrick/server.rb:162:in `start'
  /Users/irina/.rvm/rubies/ruby-1.8.7-p352/lib/ruby/1.8/webrick/server.rb:162:in `start_thread'
  /Users/irina/.rvm/rubies/ruby-1.8.7-p352/lib/ruby/1.8/webrick/server.rb:95:in `start'
  /Users/irina/.rvm/rubies/ruby-1.8.7-p352/lib/ruby/1.8/webrick/server.rb:92:in `each'
  /Users/irina/.rvm/rubies/ruby-1.8.7-p352/lib/ruby/1.8/webrick/server.rb:92:in `start'
  /Users/irina/.rvm/rubies/ruby-1.8.7-p352/lib/ruby/1.8/webrick/server.rb:23:in `start'
  /Users/irina/.rvm/rubies/ruby-1.8.7-p352/lib/ruby/1.8/webrick/server.rb:82:in `start'

Rendering rescues/layout (not_found)
  [4;36;1mSQL (0.4ms)[0m   [0;1m SELECT name
 FROM sqlite_master
 WHERE type = 'table' AND NOT name = 'sqlite_sequence'
[0m
  [4;35;1mSQL (0.2ms)[0m   [0mSELECT version FROM schema_migrations[0m
Migrating to CreateProducts (20110906192040)
Migrating to AddPriceToProduct (20110906223651)
Migrating to AddTestData (20110907155935)
  [4;36;1mSQL (0.1ms)[0m   [0;1mselect sqlite_version(*)[0m
  [4;35;1mSQL (0.1ms)[0m   [0m SELECT name
 FROM sqlite_master
 WHERE type = 'table' AND NOT name = 'sqlite_sequence'
[0m
  [4;36;1mSQL (0.1ms)[0m   [0;1mSELECT version FROM schema_migrations[0m
  [4;35;1mSQL (0.1ms)[0m   [0m SELECT name
 FROM sqlite_master
 WHERE type = 'table' AND NOT name = 'sqlite_sequence'
[0m
  [4;36;1mSQL (0.0ms)[0m   [0;1mPRAGMA index_list("products")[0m
  [4;36;1mSQL (0.4ms)[0m   [0;1m SELECT name
 FROM sqlite_master
 WHERE type = 'table' AND NOT name = 'sqlite_sequence'
[0m
  [4;35;1mSQL (0.2ms)[0m   [0mSELECT version FROM schema_migrations[0m
Migrating to CreateProducts (20110906192040)
Migrating to AddPriceToProduct (20110906223651)
Migrating to AddTestData (20110907155935)
  [4;36;1mSQL (0.1ms)[0m   [0;1mselect sqlite_version(*)[0m
  [4;35;1mSQL (0.1ms)[0m   [0m SELECT name
 FROM sqlite_master
 WHERE type = 'table' AND NOT name = 'sqlite_sequence'
[0m
  [4;36;1mSQL (0.1ms)[0m   [0;1mSELECT version FROM schema_migrations[0m
  [4;35;1mSQL (0.1ms)[0m   [0m SELECT name
 FROM sqlite_master
 WHERE type = 'table' AND NOT name = 'sqlite_sequence'
[0m
  [4;36;1mSQL (0.0ms)[0m   [0;1mPRAGMA index_list("products")[0m


Processing ProductsController#index (for 127.0.0.1 at 2011-09-07 13:04:11) [GET]
  [4;36;1mProduct Load (0.5ms)[0m   [0;1mSELECT * FROM "products" [0m
Rendering template within layouts/products
Rendering products/index
Completed in 21ms (View: 17, DB: 0) | 200 OK [http://localhost/products]


Processing ApplicationController#index (for 127.0.0.1 at 2011-09-07 13:04:11) [GET]

ActionController::RoutingError (No route matches "/stylesheets/depot.css" with {:method=>:get}):
  /Users/irina/.rvm/rubies/ruby-1.8.7-p352/lib/ruby/1.8/webrick/httpserver.rb:104:in `service'
  /Users/irina/.rvm/rubies/ruby-1.8.7-p352/lib/ruby/1.8/webrick/httpserver.rb:65:in `run'
  /Users/irina/.rvm/rubies/ruby-1.8.7-p352/lib/ruby/1.8/webrick/server.rb:173:in `start_thread'
  /Users/irina/.rvm/rubies/ruby-1.8.7-p352/lib/ruby/1.8/webrick/server.rb:162:in `start'
  /Users/irina/.rvm/rubies/ruby-1.8.7-p352/lib/ruby/1.8/webrick/server.rb:162:in `start_thread'
  /Users/irina/.rvm/rubies/ruby-1.8.7-p352/lib/ruby/1.8/webrick/server.rb:95:in `start'
  /Users/irina/.rvm/rubies/ruby-1.8.7-p352/lib/ruby/1.8/webrick/server.rb:92:in `each'
  /Users/irina/.rvm/rubies/ruby-1.8.7-p352/lib/ruby/1.8/webrick/server.rb:92:in `start'
  /Users/irina/.rvm/rubies/ruby-1.8.7-p352/lib/ruby/1.8/webrick/server.rb:23:in `start'
  /Users/irina/.rvm/rubies/ruby-1.8.7-p352/lib/ruby/1.8/webrick/server.rb:82:in `start'

Rendering rescues/layout (not_found)


Processing ApplicationController#index (for 127.0.0.1 at 2011-09-07 13:04:11) [GET]

ActionController::RoutingError (No route matches "/images/svn.jpg" with {:method=>:get}):
  /Users/irina/.rvm/rubies/ruby-1.8.7-p352/lib/ruby/1.8/webrick/httpserver.rb:104:in `service'
  /Users/irina/.rvm/rubies/ruby-1.8.7-p352/lib/ruby/1.8/webrick/httpserver.rb:65:in `run'
  /Users/irina/.rvm/rubies/ruby-1.8.7-p352/lib/ruby/1.8/webrick/server.rb:173:in `start_thread'
  /Users/irina/.rvm/rubies/ruby-1.8.7-p352/lib/ruby/1.8/webrick/server.rb:162:in `start'
  /Users/irina/.rvm/rubies/ruby-1.8.7-p352/lib/ruby/1.8/webrick/server.rb:162:in `start_thread'
  /Users/irina/.rvm/rubies/ruby-1.8.7-p352/lib/ruby/1.8/webrick/server.rb:95:in `start'
  /Users/irina/.rvm/rubies/ruby-1.8.7-p352/lib/ruby/1.8/webrick/server.rb:92:in `each'
  /Users/irina/.rvm/rubies/ruby-1.8.7-p352/lib/ruby/1.8/webrick/server.rb:92:in `start'
  /Users/irina/.rvm/rubies/ruby-1.8.7-p352/lib/ruby/1.8/webrick/server.rb:23:in `start'
  /Users/irina/.rvm/rubies/ruby-1.8.7-p352/lib/ruby/1.8/webrick/server.rb:82:in `start'

Rendering rescues/layout (not_found)


Processing ApplicationController#index (for 127.0.0.1 at 2011-09-07 13:04:11) [GET]

ActionController::RoutingError (No route matches "/images/svn.jpg" with {:method=>:get}):
  /Users/irina/.rvm/rubies/ruby-1.8.7-p352/lib/ruby/1.8/webrick/httpserver.rb:104:in `service'
  /Users/irina/.rvm/rubies/ruby-1.8.7-p352/lib/ruby/1.8/webrick/httpserver.rb:65:in `run'
  /Users/irina/.rvm/rubies/ruby-1.8.7-p352/lib/ruby/1.8/webrick/server.rb:173:in `start_thread'
  /Users/irina/.rvm/rubies/ruby-1.8.7-p352/lib/ruby/1.8/webrick/server.rb:162:in `start'
  /Users/irina/.rvm/rubies/ruby-1.8.7-p352/lib/ruby/1.8/webrick/server.rb:162:in `start_thread'
  /Users/irina/.rvm/rubies/ruby-1.8.7-p352/lib/ruby/1.8/webrick/server.rb:95:in `start'
  /Users/irina/.rvm/rubies/ruby-1.8.7-p352/lib/ruby/1.8/webrick/server.rb:92:in `each'
  /Users/irina/.rvm/rubies/ruby-1.8.7-p352/lib/ruby/1.8/webrick/server.rb:92:in `start'
  /Users/irina/.rvm/rubies/ruby-1.8.7-p352/lib/ruby/1.8/webrick/server.rb:23:in `start'
  /Users/irina/.rvm/rubies/ruby-1.8.7-p352/lib/ruby/1.8/webrick/server.rb:82:in `start'

Rendering rescues/layout (not_found)


Processing ProductsController#index (for 127.0.0.1 at 2011-09-07 13:06:18) [GET]
  [4;35;1mProduct Load (0.4ms)[0m   [0mSELECT * FROM "products" [0m
Rendering template within layouts/products
Rendering products/index
Completed in 15ms (View: 10, DB: 0) | 200 OK [http://localhost/products]


Processing ApplicationController#index (for 127.0.0.1 at 2011-09-07 13:06:18) [GET]

ActionController::RoutingError (No route matches "/images/svn.jpg" with {:method=>:get}):
  /Users/irina/.rvm/rubies/ruby-1.8.7-p352/lib/ruby/1.8/webrick/httpserver.rb:104:in `service'
  /Users/irina/.rvm/rubies/ruby-1.8.7-p352/lib/ruby/1.8/webrick/httpserver.rb:65:in `run'
  /Users/irina/.rvm/rubies/ruby-1.8.7-p352/lib/ruby/1.8/webrick/server.rb:173:in `start_thread'
  /Users/irina/.rvm/rubies/ruby-1.8.7-p352/lib/ruby/1.8/webrick/server.rb:162:in `start'
  /Users/irina/.rvm/rubies/ruby-1.8.7-p352/lib/ruby/1.8/webrick/server.rb:162:in `start_thread'
  /Users/irina/.rvm/rubies/ruby-1.8.7-p352/lib/ruby/1.8/webrick/server.rb:95:in `start'
  /Users/irina/.rvm/rubies/ruby-1.8.7-p352/lib/ruby/1.8/webrick/server.rb:92:in `each'
  /Users/irina/.rvm/rubies/ruby-1.8.7-p352/lib/ruby/1.8/webrick/server.rb:92:in `start'
  /Users/irina/.rvm/rubies/ruby-1.8.7-p352/lib/ruby/1.8/webrick/server.rb:23:in `start'
  /Users/irina/.rvm/rubies/ruby-1.8.7-p352/lib/ruby/1.8/webrick/server.rb:82:in `start'

Rendering rescues/layout (not_found)


Processing ApplicationController#index (for 127.0.0.1 at 2011-09-07 13:06:18) [GET]

ActionController::RoutingError (No route matches "/stylesheets/depot.css" with {:method=>:get}):
  /Users/irina/.rvm/rubies/ruby-1.8.7-p352/lib/ruby/1.8/webrick/httpserver.rb:104:in `service'
  /Users/irina/.rvm/rubies/ruby-1.8.7-p352/lib/ruby/1.8/webrick/httpserver.rb:65:in `run'
  /Users/irina/.rvm/rubies/ruby-1.8.7-p352/lib/ruby/1.8/webrick/server.rb:173:in `start_thread'
  /Users/irina/.rvm/rubies/ruby-1.8.7-p352/lib/ruby/1.8/webrick/server.rb:162:in `start'
  /Users/irina/.rvm/rubies/ruby-1.8.7-p352/lib/ruby/1.8/webrick/server.rb:162:in `start_thread'
  /Users/irina/.rvm/rubies/ruby-1.8.7-p352/lib/ruby/1.8/webrick/server.rb:95:in `start'
  /Users/irina/.rvm/rubies/ruby-1.8.7-p352/lib/ruby/1.8/webrick/server.rb:92:in `each'
  /Users/irina/.rvm/rubies/ruby-1.8.7-p352/lib/ruby/1.8/webrick/server.rb:92:in `start'
  /Users/irina/.rvm/rubies/ruby-1.8.7-p352/lib/ruby/1.8/webrick/server.rb:23:in `start'
  /Users/irina/.rvm/rubies/ruby-1.8.7-p352/lib/ruby/1.8/webrick/server.rb:82:in `start'

Rendering rescues/layout (not_found)


Processing ApplicationController#index (for 127.0.0.1 at 2011-09-07 13:06:18) [GET]

ActionController::RoutingError (No route matches "/images/svn.jpg" with {:method=>:get}):
  /Users/irina/.rvm/rubies/ruby-1.8.7-p352/lib/ruby/1.8/webrick/httpserver.rb:104:in `service'
  /Users/irina/.rvm/rubies/ruby-1.8.7-p352/lib/ruby/1.8/webrick/httpserver.rb:65:in `run'
  /Users/irina/.rvm/rubies/ruby-1.8.7-p352/lib/ruby/1.8/webrick/server.rb:173:in `start_thread'
  /Users/irina/.rvm/rubies/ruby-1.8.7-p352/lib/ruby/1.8/webrick/server.rb:162:in `start'
  /Users/irina/.rvm/rubies/ruby-1.8.7-p352/lib/ruby/1.8/webrick/server.rb:162:in `start_thread'
  /Users/irina/.rvm/rubies/ruby-1.8.7-p352/lib/ruby/1.8/webrick/server.rb:95:in `start'
  /Users/irina/.rvm/rubies/ruby-1.8.7-p352/lib/ruby/1.8/webrick/server.rb:92:in `each'
  /Users/irina/.rvm/rubies/ruby-1.8.7-p352/lib/ruby/1.8/webrick/server.rb:92:in `start'
  /Users/irina/.rvm/rubies/ruby-1.8.7-p352/lib/ruby/1.8/webrick/server.rb:23:in `start'
  /Users/irina/.rvm/rubies/ruby-1.8.7-p352/lib/ruby/1.8/webrick/server.rb:82:in `start'

Rendering rescues/layout (not_found)


Processing ProductsController#index (for 127.0.0.1 at 2011-09-07 13:06:26) [GET]
  [4;36;1mProduct Load (0.4ms)[0m   [0;1mSELECT * FROM "products" [0m
Rendering template within layouts/products
Rendering products/index
Completed in 11ms (View: 7, DB: 0) | 200 OK [http://localhost/products]


Processing ApplicationController#index (for 127.0.0.1 at 2011-09-07 13:06:26) [GET]

ActionController::RoutingError (No route matches "/stylesheets/depot.css" with {:method=>:get}):
  /Users/irina/.rvm/rubies/ruby-1.8.7-p352/lib/ruby/1.8/webrick/httpserver.rb:104:in `service'
  /Users/irina/.rvm/rubies/ruby-1.8.7-p352/lib/ruby/1.8/webrick/httpserver.rb:65:in `run'
  /Users/irina/.rvm/rubies/ruby-1.8.7-p352/lib/ruby/1.8/webrick/server.rb:173:in `start_thread'
  /Users/irina/.rvm/rubies/ruby-1.8.7-p352/lib/ruby/1.8/webrick/server.rb:162:in `start'
  /Users/irina/.rvm/rubies/ruby-1.8.7-p352/lib/ruby/1.8/webrick/server.rb:162:in `start_thread'
  /Users/irina/.rvm/rubies/ruby-1.8.7-p352/lib/ruby/1.8/webrick/server.rb:95:in `start'
  /Users/irina/.rvm/rubies/ruby-1.8.7-p352/lib/ruby/1.8/webrick/server.rb:92:in `each'
  /Users/irina/.rvm/rubies/ruby-1.8.7-p352/lib/ruby/1.8/webrick/server.rb:92:in `start'
  /Users/irina/.rvm/rubies/ruby-1.8.7-p352/lib/ruby/1.8/webrick/server.rb:23:in `start'
  /Users/irina/.rvm/rubies/ruby-1.8.7-p352/lib/ruby/1.8/webrick/server.rb:82:in `start'

Rendering rescues/layout (not_found)


Processing ApplicationController#index (for 127.0.0.1 at 2011-09-07 13:06:26) [GET]

ActionController::RoutingError (No route matches "/images/svn.jpg" with {:method=>:get}):
  /Users/irina/.rvm/rubies/ruby-1.8.7-p352/lib/ruby/1.8/webrick/httpserver.rb:104:in `service'
  /Users/irina/.rvm/rubies/ruby-1.8.7-p352/lib/ruby/1.8/webrick/httpserver.rb:65:in `run'
  /Users/irina/.rvm/rubies/ruby-1.8.7-p352/lib/ruby/1.8/webrick/server.rb:173:in `start_thread'
  /Users/irina/.rvm/rubies/ruby-1.8.7-p352/lib/ruby/1.8/webrick/server.rb:162:in `start'
  /Users/irina/.rvm/rubies/ruby-1.8.7-p352/lib/ruby/1.8/webrick/server.rb:162:in `start_thread'
  /Users/irina/.rvm/rubies/ruby-1.8.7-p352/lib/ruby/1.8/webrick/server.rb:95:in `start'
  /Users/irina/.rvm/rubies/ruby-1.8.7-p352/lib/ruby/1.8/webrick/server.rb:92:in `each'
  /Users/irina/.rvm/rubies/ruby-1.8.7-p352/lib/ruby/1.8/webrick/server.rb:92:in `start'
  /Users/irina/.rvm/rubies/ruby-1.8.7-p352/lib/ruby/1.8/webrick/server.rb:23:in `start'
  /Users/irina/.rvm/rubies/ruby-1.8.7-p352/lib/ruby/1.8/webrick/server.rb:82:in `start'

Rendering rescues/layout (not_found)


Processing ApplicationController#index (for 127.0.0.1 at 2011-09-07 13:06:26) [GET]

ActionController::RoutingError (No route matches "/images/svn.jpg" with {:method=>:get}):
  /Users/irina/.rvm/rubies/ruby-1.8.7-p352/lib/ruby/1.8/webrick/httpserver.rb:104:in `service'
  /Users/irina/.rvm/rubies/ruby-1.8.7-p352/lib/ruby/1.8/webrick/httpserver.rb:65:in `run'
  /Users/irina/.rvm/rubies/ruby-1.8.7-p352/lib/ruby/1.8/webrick/server.rb:173:in `start_thread'
  /Users/irina/.rvm/rubies/ruby-1.8.7-p352/lib/ruby/1.8/webrick/server.rb:162:in `start'
  /Users/irina/.rvm/rubies/ruby-1.8.7-p352/lib/ruby/1.8/webrick/server.rb:162:in `start_thread'
  /Users/irina/.rvm/rubies/ruby-1.8.7-p352/lib/ruby/1.8/webrick/server.rb:95:in `start'
  /Users/irina/.rvm/rubies/ruby-1.8.7-p352/lib/ruby/1.8/webrick/server.rb:92:in `each'
  /Users/irina/.rvm/rubies/ruby-1.8.7-p352/lib/ruby/1.8/webrick/server.rb:92:in `start'
  /Users/irina/.rvm/rubies/ruby-1.8.7-p352/lib/ruby/1.8/webrick/server.rb:23:in `start'
  /Users/irina/.rvm/rubies/ruby-1.8.7-p352/lib/ruby/1.8/webrick/server.rb:82:in `start'

Rendering rescues/layout (not_found)


Processing ProductsController#index (for 127.0.0.1 at 2011-09-07 13:06:27) [GET]
  [4;35;1mProduct Load (0.6ms)[0m   [0mSELECT * FROM "products" [0m
Rendering template within layouts/products
Rendering products/index
Completed in 12ms (View: 7, DB: 1) | 200 OK [http://localhost/products]


Processing ApplicationController#index (for 127.0.0.1 at 2011-09-07 13:06:27) [GET]

ActionController::RoutingError (No route matches "/stylesheets/depot.css" with {:method=>:get}):
  /Users/irina/.rvm/rubies/ruby-1.8.7-p352/lib/ruby/1.8/webrick/httpserver.rb:104:in `service'
  /Users/irina/.rvm/rubies/ruby-1.8.7-p352/lib/ruby/1.8/webrick/httpserver.rb:65:in `run'
  /Users/irina/.rvm/rubies/ruby-1.8.7-p352/lib/ruby/1.8/webrick/server.rb:173:in `start_thread'
  /Users/irina/.rvm/rubies/ruby-1.8.7-p352/lib/ruby/1.8/webrick/server.rb:162:in `start'
  /Users/irina/.rvm/rubies/ruby-1.8.7-p352/lib/ruby/1.8/webrick/server.rb:162:in `start_thread'
  /Users/irina/.rvm/rubies/ruby-1.8.7-p352/lib/ruby/1.8/webrick/server.rb:95:in `start'
  /Users/irina/.rvm/rubies/ruby-1.8.7-p352/lib/ruby/1.8/webrick/server.rb:92:in `each'
  /Users/irina/.rvm/rubies/ruby-1.8.7-p352/lib/ruby/1.8/webrick/server.rb:92:in `start'
  /Users/irina/.rvm/rubies/ruby-1.8.7-p352/lib/ruby/1.8/webrick/server.rb:23:in `start'
  /Users/irina/.rvm/rubies/ruby-1.8.7-p352/lib/ruby/1.8/webrick/server.rb:82:in `start'

Rendering rescues/layout (not_found)


Processing ApplicationController#index (for 127.0.0.1 at 2011-09-07 13:06:27) [GET]

ActionController::RoutingError (No route matches "/images/svn.jpg" with {:method=>:get}):
  /Users/irina/.rvm/rubies/ruby-1.8.7-p352/lib/ruby/1.8/webrick/httpserver.rb:104:in `service'
  /Users/irina/.rvm/rubies/ruby-1.8.7-p352/lib/ruby/1.8/webrick/httpserver.rb:65:in `run'
  /Users/irina/.rvm/rubies/ruby-1.8.7-p352/lib/ruby/1.8/webrick/server.rb:173:in `start_thread'
  /Users/irina/.rvm/rubies/ruby-1.8.7-p352/lib/ruby/1.8/webrick/server.rb:162:in `start'
  /Users/irina/.rvm/rubies/ruby-1.8.7-p352/lib/ruby/1.8/webrick/server.rb:162:in `start_thread'
  /Users/irina/.rvm/rubies/ruby-1.8.7-p352/lib/ruby/1.8/webrick/server.rb:95:in `start'
  /Users/irina/.rvm/rubies/ruby-1.8.7-p352/lib/ruby/1.8/webrick/server.rb:92:in `each'
  /Users/irina/.rvm/rubies/ruby-1.8.7-p352/lib/ruby/1.8/webrick/server.rb:92:in `start'
  /Users/irina/.rvm/rubies/ruby-1.8.7-p352/lib/ruby/1.8/webrick/server.rb:23:in `start'
  /Users/irina/.rvm/rubies/ruby-1.8.7-p352/lib/ruby/1.8/webrick/server.rb:82:in `start'

Rendering rescues/layout (not_found)


Processing ApplicationController#index (for 127.0.0.1 at 2011-09-07 13:06:27) [GET]

ActionController::RoutingError (No route matches "/images/svn.jpg" with {:method=>:get}):
  /Users/irina/.rvm/rubies/ruby-1.8.7-p352/lib/ruby/1.8/webrick/httpserver.rb:104:in `service'
  /Users/irina/.rvm/rubies/ruby-1.8.7-p352/lib/ruby/1.8/webrick/httpserver.rb:65:in `run'
  /Users/irina/.rvm/rubies/ruby-1.8.7-p352/lib/ruby/1.8/webrick/server.rb:173:in `start_thread'
  /Users/irina/.rvm/rubies/ruby-1.8.7-p352/lib/ruby/1.8/webrick/server.rb:162:in `start'
  /Users/irina/.rvm/rubies/ruby-1.8.7-p352/lib/ruby/1.8/webrick/server.rb:162:in `start_thread'
  /Users/irina/.rvm/rubies/ruby-1.8.7-p352/lib/ruby/1.8/webrick/server.rb:95:in `start'
  /Users/irina/.rvm/rubies/ruby-1.8.7-p352/lib/ruby/1.8/webrick/server.rb:92:in `each'
  /Users/irina/.rvm/rubies/ruby-1.8.7-p352/lib/ruby/1.8/webrick/server.rb:92:in `start'
  /Users/irina/.rvm/rubies/ruby-1.8.7-p352/lib/ruby/1.8/webrick/server.rb:23:in `start'
  /Users/irina/.rvm/rubies/ruby-1.8.7-p352/lib/ruby/1.8/webrick/server.rb:82:in `start'

Rendering rescues/layout (not_found)


Processing ProductsController#index (for 127.0.0.1 at 2011-09-07 13:11:11) [GET]
  [4;36;1mProduct Load (0.4ms)[0m   [0;1mSELECT * FROM "products" [0m
Rendering template within layouts/products
Rendering products/index
Completed in 14ms (View: 10, DB: 0) | 200 OK [http://localhost/products]


Processing ApplicationController#index (for 127.0.0.1 at 2011-09-07 13:11:11) [GET]

ActionController::RoutingError (No route matches "/stylesheets/depot.css" with {:method=>:get}):
  /Users/irina/.rvm/rubies/ruby-1.8.7-p352/lib/ruby/1.8/webrick/httpserver.rb:104:in `service'
  /Users/irina/.rvm/rubies/ruby-1.8.7-p352/lib/ruby/1.8/webrick/httpserver.rb:65:in `run'
  /Users/irina/.rvm/rubies/ruby-1.8.7-p352/lib/ruby/1.8/webrick/server.rb:173:in `start_thread'
  /Users/irina/.rvm/rubies/ruby-1.8.7-p352/lib/ruby/1.8/webrick/server.rb:162:in `start'
  /Users/irina/.rvm/rubies/ruby-1.8.7-p352/lib/ruby/1.8/webrick/server.rb:162:in `start_thread'
  /Users/irina/.rvm/rubies/ruby-1.8.7-p352/lib/ruby/1.8/webrick/server.rb:95:in `start'
  /Users/irina/.rvm/rubies/ruby-1.8.7-p352/lib/ruby/1.8/webrick/server.rb:92:in `each'
  /Users/irina/.rvm/rubies/ruby-1.8.7-p352/lib/ruby/1.8/webrick/server.rb:92:in `start'
  /Users/irina/.rvm/rubies/ruby-1.8.7-p352/lib/ruby/1.8/webrick/server.rb:23:in `start'
  /Users/irina/.rvm/rubies/ruby-1.8.7-p352/lib/ruby/1.8/webrick/server.rb:82:in `start'

Rendering rescues/layout (not_found)


Processing ApplicationController#index (for 127.0.0.1 at 2011-09-07 13:11:11) [GET]

ActionController::RoutingError (No route matches "/images/svn.jpg" with {:method=>:get}):
  /Users/irina/.rvm/rubies/ruby-1.8.7-p352/lib/ruby/1.8/webrick/httpserver.rb:104:in `service'
  /Users/irina/.rvm/rubies/ruby-1.8.7-p352/lib/ruby/1.8/webrick/httpserver.rb:65:in `run'
  /Users/irina/.rvm/rubies/ruby-1.8.7-p352/lib/ruby/1.8/webrick/server.rb:173:in `start_thread'
  /Users/irina/.rvm/rubies/ruby-1.8.7-p352/lib/ruby/1.8/webrick/server.rb:162:in `start'
  /Users/irina/.rvm/rubies/ruby-1.8.7-p352/lib/ruby/1.8/webrick/server.rb:162:in `start_thread'
  /Users/irina/.rvm/rubies/ruby-1.8.7-p352/lib/ruby/1.8/webrick/server.rb:95:in `start'
  /Users/irina/.rvm/rubies/ruby-1.8.7-p352/lib/ruby/1.8/webrick/server.rb:92:in `each'
  /Users/irina/.rvm/rubies/ruby-1.8.7-p352/lib/ruby/1.8/webrick/server.rb:92:in `start'
  /Users/irina/.rvm/rubies/ruby-1.8.7-p352/lib/ruby/1.8/webrick/server.rb:23:in `start'
  /Users/irina/.rvm/rubies/ruby-1.8.7-p352/lib/ruby/1.8/webrick/server.rb:82:in `start'

Rendering rescues/layout (not_found)


Processing ApplicationController#index (for 127.0.0.1 at 2011-09-07 13:11:11) [GET]

ActionController::RoutingError (No route matches "/images/svn.jpg" with {:method=>:get}):
  /Users/irina/.rvm/rubies/ruby-1.8.7-p352/lib/ruby/1.8/webrick/httpserver.rb:104:in `service'
  /Users/irina/.rvm/rubies/ruby-1.8.7-p352/lib/ruby/1.8/webrick/httpserver.rb:65:in `run'
  /Users/irina/.rvm/rubies/ruby-1.8.7-p352/lib/ruby/1.8/webrick/server.rb:173:in `start_thread'
  /Users/irina/.rvm/rubies/ruby-1.8.7-p352/lib/ruby/1.8/webrick/server.rb:162:in `start'
  /Users/irina/.rvm/rubies/ruby-1.8.7-p352/lib/ruby/1.8/webrick/server.rb:162:in `start_thread'
  /Users/irina/.rvm/rubies/ruby-1.8.7-p352/lib/ruby/1.8/webrick/server.rb:95:in `start'
  /Users/irina/.rvm/rubies/ruby-1.8.7-p352/lib/ruby/1.8/webrick/server.rb:92:in `each'
  /Users/irina/.rvm/rubies/ruby-1.8.7-p352/lib/ruby/1.8/webrick/server.rb:92:in `start'
  /Users/irina/.rvm/rubies/ruby-1.8.7-p352/lib/ruby/1.8/webrick/server.rb:23:in `start'
  /Users/irina/.rvm/rubies/ruby-1.8.7-p352/lib/ruby/1.8/webrick/server.rb:82:in `start'

Rendering rescues/layout (not_found)
  [4;36;1mSQL (0.4ms)[0m   [0;1m SELECT name
 FROM sqlite_master
 WHERE type = 'table' AND NOT name = 'sqlite_sequence'
[0m
  [4;35;1mSQL (0.2ms)[0m   [0mSELECT version FROM schema_migrations[0m
Migrating to CreateProducts (20110906192040)
Migrating to AddPriceToProduct (20110906223651)
Migrating to AddTestData (20110907155935)
  [4;36;1mSQL (0.1ms)[0m   [0;1mselect sqlite_version(*)[0m
  [4;35;1mSQL (0.1ms)[0m   [0m SELECT name
 FROM sqlite_master
 WHERE type = 'table' AND NOT name = 'sqlite_sequence'
[0m
  [4;36;1mSQL (0.1ms)[0m   [0;1mSELECT version FROM schema_migrations[0m
  [4;35;1mSQL (0.1ms)[0m   [0m SELECT name
 FROM sqlite_master
 WHERE type = 'table' AND NOT name = 'sqlite_sequence'
[0m
  [4;36;1mSQL (0.0ms)[0m   [0;1mPRAGMA index_list("products")[0m


Processing ProductsController#index (for 127.0.0.1 at 2011-09-07 13:17:29) [GET]
  [4;36;1mProduct Load (0.5ms)[0m   [0;1mSELECT * FROM "products" [0m
Rendering template within layouts/products
Rendering products/index
Completed in 21ms (View: 17, DB: 0) | 200 OK [http://localhost/products]


Processing ApplicationController#index (for 127.0.0.1 at 2011-09-07 13:17:30) [GET]

ActionController::RoutingError (No route matches "/stylesheets/depot.css" with {:method=>:get}):
  /Users/irina/.rvm/rubies/ruby-1.8.7-p352/lib/ruby/1.8/webrick/httpserver.rb:104:in `service'
  /Users/irina/.rvm/rubies/ruby-1.8.7-p352/lib/ruby/1.8/webrick/httpserver.rb:65:in `run'
  /Users/irina/.rvm/rubies/ruby-1.8.7-p352/lib/ruby/1.8/webrick/server.rb:173:in `start_thread'
  /Users/irina/.rvm/rubies/ruby-1.8.7-p352/lib/ruby/1.8/webrick/server.rb:162:in `start'
  /Users/irina/.rvm/rubies/ruby-1.8.7-p352/lib/ruby/1.8/webrick/server.rb:162:in `start_thread'
  /Users/irina/.rvm/rubies/ruby-1.8.7-p352/lib/ruby/1.8/webrick/server.rb:95:in `start'
  /Users/irina/.rvm/rubies/ruby-1.8.7-p352/lib/ruby/1.8/webrick/server.rb:92:in `each'
  /Users/irina/.rvm/rubies/ruby-1.8.7-p352/lib/ruby/1.8/webrick/server.rb:92:in `start'
  /Users/irina/.rvm/rubies/ruby-1.8.7-p352/lib/ruby/1.8/webrick/server.rb:23:in `start'
  /Users/irina/.rvm/rubies/ruby-1.8.7-p352/lib/ruby/1.8/webrick/server.rb:82:in `start'

Rendering rescues/layout (not_found)


Processing ApplicationController#index (for 127.0.0.1 at 2011-09-07 13:17:30) [GET]

ActionController::RoutingError (No route matches "/images/svn.jpg" with {:method=>:get}):
  /Users/irina/.rvm/rubies/ruby-1.8.7-p352/lib/ruby/1.8/webrick/httpserver.rb:104:in `service'
  /Users/irina/.rvm/rubies/ruby-1.8.7-p352/lib/ruby/1.8/webrick/httpserver.rb:65:in `run'
  /Users/irina/.rvm/rubies/ruby-1.8.7-p352/lib/ruby/1.8/webrick/server.rb:173:in `start_thread'
  /Users/irina/.rvm/rubies/ruby-1.8.7-p352/lib/ruby/1.8/webrick/server.rb:162:in `start'
  /Users/irina/.rvm/rubies/ruby-1.8.7-p352/lib/ruby/1.8/webrick/server.rb:162:in `start_thread'
  /Users/irina/.rvm/rubies/ruby-1.8.7-p352/lib/ruby/1.8/webrick/server.rb:95:in `start'
  /Users/irina/.rvm/rubies/ruby-1.8.7-p352/lib/ruby/1.8/webrick/server.rb:92:in `each'
  /Users/irina/.rvm/rubies/ruby-1.8.7-p352/lib/ruby/1.8/webrick/server.rb:92:in `start'
  /Users/irina/.rvm/rubies/ruby-1.8.7-p352/lib/ruby/1.8/webrick/server.rb:23:in `start'
  /Users/irina/.rvm/rubies/ruby-1.8.7-p352/lib/ruby/1.8/webrick/server.rb:82:in `start'

Rendering rescues/layout (not_found)


Processing ApplicationController#index (for 127.0.0.1 at 2011-09-07 13:17:30) [GET]

ActionController::RoutingError (No route matches "/images/svn.jpg" with {:method=>:get}):
  /Users/irina/.rvm/rubies/ruby-1.8.7-p352/lib/ruby/1.8/webrick/httpserver.rb:104:in `service'
  /Users/irina/.rvm/rubies/ruby-1.8.7-p352/lib/ruby/1.8/webrick/httpserver.rb:65:in `run'
  /Users/irina/.rvm/rubies/ruby-1.8.7-p352/lib/ruby/1.8/webrick/server.rb:173:in `start_thread'
  /Users/irina/.rvm/rubies/ruby-1.8.7-p352/lib/ruby/1.8/webrick/server.rb:162:in `start'
  /Users/irina/.rvm/rubies/ruby-1.8.7-p352/lib/ruby/1.8/webrick/server.rb:162:in `start_thread'
  /Users/irina/.rvm/rubies/ruby-1.8.7-p352/lib/ruby/1.8/webrick/server.rb:95:in `start'
  /Users/irina/.rvm/rubies/ruby-1.8.7-p352/lib/ruby/1.8/webrick/server.rb:92:in `each'
  /Users/irina/.rvm/rubies/ruby-1.8.7-p352/lib/ruby/1.8/webrick/server.rb:92:in `start'
  /Users/irina/.rvm/rubies/ruby-1.8.7-p352/lib/ruby/1.8/webrick/server.rb:23:in `start'
  /Users/irina/.rvm/rubies/ruby-1.8.7-p352/lib/ruby/1.8/webrick/server.rb:82:in `start'

Rendering rescues/layout (not_found)


Processing ProductsController#index (for 127.0.0.1 at 2011-09-07 13:38:54) [GET]
  [4;35;1mProduct Load (0.4ms)[0m   [0mSELECT * FROM "products" [0m
Rendering template within layouts/products
Rendering products/index
Completed in 11ms (View: 7, DB: 0) | 200 OK [http://localhost/products]


Processing ApplicationController#index (for 127.0.0.1 at 2011-09-07 13:38:54) [GET]

ActionController::RoutingError (No route matches "/images/svn.jpg" with {:method=>:get}):
  /Users/irina/.rvm/rubies/ruby-1.8.7-p352/lib/ruby/1.8/webrick/httpserver.rb:104:in `service'
  /Users/irina/.rvm/rubies/ruby-1.8.7-p352/lib/ruby/1.8/webrick/httpserver.rb:65:in `run'
  /Users/irina/.rvm/rubies/ruby-1.8.7-p352/lib/ruby/1.8/webrick/server.rb:173:in `start_thread'
  /Users/irina/.rvm/rubies/ruby-1.8.7-p352/lib/ruby/1.8/webrick/server.rb:162:in `start'
  /Users/irina/.rvm/rubies/ruby-1.8.7-p352/lib/ruby/1.8/webrick/server.rb:162:in `start_thread'
  /Users/irina/.rvm/rubies/ruby-1.8.7-p352/lib/ruby/1.8/webrick/server.rb:95:in `start'
  /Users/irina/.rvm/rubies/ruby-1.8.7-p352/lib/ruby/1.8/webrick/server.rb:92:in `each'
  /Users/irina/.rvm/rubies/ruby-1.8.7-p352/lib/ruby/1.8/webrick/server.rb:92:in `start'
  /Users/irina/.rvm/rubies/ruby-1.8.7-p352/lib/ruby/1.8/webrick/server.rb:23:in `start'
  /Users/irina/.rvm/rubies/ruby-1.8.7-p352/lib/ruby/1.8/webrick/server.rb:82:in `start'

Rendering rescues/layout (not_found)


Processing ApplicationController#index (for 127.0.0.1 at 2011-09-07 13:38:54) [GET]

ActionController::RoutingError (No route matches "/images/svn.jpg" with {:method=>:get}):
  /Users/irina/.rvm/rubies/ruby-1.8.7-p352/lib/ruby/1.8/webrick/httpserver.rb:104:in `service'
  /Users/irina/.rvm/rubies/ruby-1.8.7-p352/lib/ruby/1.8/webrick/httpserver.rb:65:in `run'
  /Users/irina/.rvm/rubies/ruby-1.8.7-p352/lib/ruby/1.8/webrick/server.rb:173:in `start_thread'
  /Users/irina/.rvm/rubies/ruby-1.8.7-p352/lib/ruby/1.8/webrick/server.rb:162:in `start'
  /Users/irina/.rvm/rubies/ruby-1.8.7-p352/lib/ruby/1.8/webrick/server.rb:162:in `start_thread'
  /Users/irina/.rvm/rubies/ruby-1.8.7-p352/lib/ruby/1.8/webrick/server.rb:95:in `start'
  /Users/irina/.rvm/rubies/ruby-1.8.7-p352/lib/ruby/1.8/webrick/server.rb:92:in `each'
  /Users/irina/.rvm/rubies/ruby-1.8.7-p352/lib/ruby/1.8/webrick/server.rb:92:in `start'
  /Users/irina/.rvm/rubies/ruby-1.8.7-p352/lib/ruby/1.8/webrick/server.rb:23:in `start'
  /Users/irina/.rvm/rubies/ruby-1.8.7-p352/lib/ruby/1.8/webrick/server.rb:82:in `start'

Rendering rescues/layout (not_found)


Processing ProductsController#index (for 127.0.0.1 at 2011-09-07 13:42:15) [GET]
  [4;36;1mProduct Load (0.4ms)[0m   [0;1mSELECT * FROM "products" [0m
Rendering template within layouts/products
Rendering products/index
Completed in 11ms (View: 7, DB: 0) | 200 OK [http://localhost/products]


Processing ProductsController#index (for 127.0.0.1 at 2011-09-07 13:42:18) [GET]
  [4;35;1mProduct Load (0.4ms)[0m   [0mSELECT * FROM "products" [0m
Rendering template within layouts/products
Rendering products/index
Completed in 11ms (View: 7, DB: 0) | 200 OK [http://localhost/products]
  [4;36;1mSQL (0.4ms)[0m   [0;1m SELECT name
 FROM sqlite_master
 WHERE type = 'table' AND NOT name = 'sqlite_sequence'
[0m
  [4;35;1mSQL (0.2ms)[0m   [0mSELECT version FROM schema_migrations[0m
Migrating to CreateProducts (20110906192040)
Migrating to AddPriceToProduct (20110906223651)
Migrating to AddTestData (20110907155935)
  [4;36;1mSQL (0.1ms)[0m   [0;1mselect sqlite_version(*)[0m
  [4;35;1mSQL (0.1ms)[0m   [0m SELECT name
 FROM sqlite_master
 WHERE type = 'table' AND NOT name = 'sqlite_sequence'
[0m
  [4;36;1mSQL (0.1ms)[0m   [0;1mSELECT version FROM schema_migrations[0m
  [4;35;1mSQL (0.1ms)[0m   [0m SELECT name
 FROM sqlite_master
 WHERE type = 'table' AND NOT name = 'sqlite_sequence'
[0m
  [4;36;1mSQL (0.0ms)[0m   [0;1mPRAGMA index_list("products")[0m


Processing ProductsController#index (for 127.0.0.1 at 2011-09-07 13:50:11) [GET]
  [4;36;1mProduct Load (0.5ms)[0m   [0;1mSELECT * FROM "products" [0m
Rendering template within layouts/products
Rendering products/index
Completed in 21ms (View: 17, DB: 0) | 200 OK [http://localhost/products]
  [4;36;1mSQL (0.4ms)[0m   [0;1m SELECT name
 FROM sqlite_master
 WHERE type = 'table' AND NOT name = 'sqlite_sequence'
[0m
  [4;35;1mSQL (0.2ms)[0m   [0mSELECT version FROM schema_migrations[0m
Migrating to CreateProducts (20110906192040)
Migrating to AddPriceToProduct (20110906223651)
Migrating to AddTestData (20110907155935)
  [4;36;1mSQL (0.1ms)[0m   [0;1mselect sqlite_version(*)[0m
  [4;35;1mSQL (0.1ms)[0m   [0m SELECT name
 FROM sqlite_master
 WHERE type = 'table' AND NOT name = 'sqlite_sequence'
[0m
  [4;36;1mSQL (0.1ms)[0m   [0;1mSELECT version FROM schema_migrations[0m
  [4;35;1mSQL (0.1ms)[0m   [0m SELECT name
 FROM sqlite_master
 WHERE type = 'table' AND NOT name = 'sqlite_sequence'
[0m
  [4;36;1mSQL (0.0ms)[0m   [0;1mPRAGMA index_list("products")[0m


Processing ProductsController#index (for 127.0.0.1 at 2011-09-07 14:11:29) [GET]
  [4;36;1mProduct Load (0.5ms)[0m   [0;1mSELECT * FROM "products" [0m
Rendering template within layouts/products
Rendering products/index
Completed in 21ms (View: 17, DB: 0) | 200 OK [http://localhost/products]
  [4;36;1mSQL (0.4ms)[0m   [0;1m SELECT name
 FROM sqlite_master
 WHERE type = 'table' AND NOT name = 'sqlite_sequence'
[0m
  [4;35;1mSQL (0.2ms)[0m   [0mSELECT version FROM schema_migrations[0m
Migrating to CreateProducts (20110906192040)
Migrating to AddPriceToProduct (20110906223651)
Migrating to AddTestData (20110907155935)
  [4;36;1mSQL (0.1ms)[0m   [0;1mselect sqlite_version(*)[0m
  [4;35;1mSQL (0.1ms)[0m   [0m SELECT name
 FROM sqlite_master
 WHERE type = 'table' AND NOT name = 'sqlite_sequence'
[0m
  [4;36;1mSQL (0.1ms)[0m   [0;1mSELECT version FROM schema_migrations[0m
  [4;35;1mSQL (0.1ms)[0m   [0m SELECT name
 FROM sqlite_master
 WHERE type = 'table' AND NOT name = 'sqlite_sequence'
[0m
  [4;36;1mSQL (0.0ms)[0m   [0;1mPRAGMA index_list("products")[0m
  [4;36;1mSQL (0.4ms)[0m   [0;1m SELECT name
 FROM sqlite_master
 WHERE type = 'table' AND NOT name = 'sqlite_sequence'
[0m
  [4;35;1mSQL (0.2ms)[0m   [0mSELECT version FROM schema_migrations[0m
Migrating to CreateProducts (20110906192040)
Migrating to AddPriceToProduct (20110906223651)
Migrating to AddTestData (20110907155935)
  [4;36;1mSQL (0.1ms)[0m   [0;1mselect sqlite_version(*)[0m
  [4;35;1mSQL (0.1ms)[0m   [0m SELECT name
 FROM sqlite_master
 WHERE type = 'table' AND NOT name = 'sqlite_sequence'
[0m
  [4;36;1mSQL (0.1ms)[0m   [0;1mSELECT version FROM schema_migrations[0m
  [4;35;1mSQL (0.1ms)[0m   [0m SELECT name
 FROM sqlite_master
 WHERE type = 'table' AND NOT name = 'sqlite_sequence'
[0m
  [4;36;1mSQL (0.0ms)[0m   [0;1mPRAGMA index_list("products")[0m


Processing ProductsController#index (for 127.0.0.1 at 2011-09-07 14:42:56) [GET]
  [4;36;1mProduct Load (0.5ms)[0m   [0;1mSELECT * FROM "products" [0m
Rendering template within layouts/products
Rendering products/index
Completed in 21ms (View: 17, DB: 0) | 200 OK [http://localhost/products]


Processing ProductsController#index (for 127.0.0.1 at 2011-09-07 14:53:21) [GET]
  [4;35;1mProduct Load (0.4ms)[0m   [0mSELECT * FROM "products" [0m
Rendering template within layouts/products
Rendering products/index
Completed in 12ms (View: 7, DB: 0) | 200 OK [http://localhost/products]


Processing StoreController#index (for 127.0.0.1 at 2011-09-07 17:15:47) [GET]
Rendering store/index
Completed in 6ms (View: 5, DB: 0) | 200 OK [http://localhost/store]


Processing StoreController#index (for 127.0.0.1 at 2011-09-07 17:51:24) [GET]
  [4;36;1mProduct Load (0.6ms)[0m   [0;1mSELECT * FROM "products" ORDER BY title[0m
Rendering store/index
Completed in 11ms (View: 6, DB: 1) | 200 OK [http://localhost/store]
  [4;36;1mSQL (37.0ms)[0m   [0;1m SELECT name
 FROM sqlite_master
 WHERE type = 'table' AND NOT name = 'sqlite_sequence'
[0m
  [4;35;1mSQL (0.2ms)[0m   [0mSELECT version FROM schema_migrations[0m
Migrating to CreateProducts (20110906192040)
Migrating to AddPriceToProduct (20110906223651)
Migrating to AddTestData (20110907155935)
  [4;36;1mSQL (0.1ms)[0m   [0;1mselect sqlite_version(*)[0m
  [4;35;1mSQL (0.1ms)[0m   [0m SELECT name
 FROM sqlite_master
 WHERE type = 'table' AND NOT name = 'sqlite_sequence'
[0m
  [4;36;1mSQL (0.1ms)[0m   [0;1mSELECT version FROM schema_migrations[0m
  [4;35;1mSQL (0.1ms)[0m   [0m SELECT name
 FROM sqlite_master
 WHERE type = 'table' AND NOT name = 'sqlite_sequence'
[0m
  [4;36;1mSQL (0.0ms)[0m   [0;1mPRAGMA index_list("products")[0m


Processing StoreController#index (for 127.0.0.1 at 2011-09-07 18:35:20) [GET]
  [4;36;1mProduct Load (0.5ms)[0m   [0;1mSELECT * FROM "products" ORDER BY title[0m
Rendering template within layouts/store
Rendering store/index
Completed in 16ms (View: 12, DB: 1) | 200 OK [http://localhost/store]


Processing StoreController#index (for 127.0.0.1 at 2011-09-07 18:35:25) [GET]
  [4;35;1mProduct Load (0.4ms)[0m   [0mSELECT * FROM "products" ORDER BY title[0m
Rendering template within layouts/store
Rendering store/index
Completed in 7ms (View: 3, DB: 0) | 200 OK [http://localhost/store]
